  [1m[35m (707.4ms)[0m  [1m[35mCREATE DATABASE "ninety_nine_cats_development" ENCODING = 'unicode'[0m
  ↳ bin/rails:9
  [1m[35m (253.6ms)[0m  [1m[35mCREATE DATABASE "ninety_nine_cats_test" ENCODING = 'unicode'[0m
  ↳ bin/rails:9
  [1m[35m (178.2ms)[0m  [1m[35mCREATE TABLE "schema_migrations" ("version" character varying NOT NULL PRIMARY KEY)[0m
  ↳ bin/rails:9
  [1m[35m (6.0ms)[0m  [1m[35mCREATE TABLE "ar_internal_metadata" ("key" character varying NOT NULL PRIMARY KEY, "value" character varying, "created_at" timestamp NOT NULL, "updated_at" timestamp NOT NULL)[0m
  ↳ bin/rails:9
  [1m[35m (1.0ms)[0m  [1m[34mSELECT pg_try_advisory_lock(723150122408807205)[0m
  ↳ bin/rails:9
  [1m[35m (8.9ms)[0m  [1m[34mSELECT "schema_migrations"."version" FROM "schema_migrations" ORDER BY "schema_migrations"."version" ASC[0m
  ↳ bin/rails:9
Migrating to CreateCats (20180911181958)
  [1m[35m (0.2ms)[0m  [1m[35mBEGIN[0m
  ↳ bin/rails:9
  [1m[35m (50.6ms)[0m  [1m[35mCREATE TABLE "cats" ("id" bigserial primary key, "birth_date" date NOT NULL, "color" character varying NOT NULL, "name" character varying NOT NULL, "sex" character varying(1) NOT NULL, "description" text NOT NULL, "created_at" timestamp NOT NULL, "updated_at" timestamp NOT NULL)[0m
  ↳ db/migrate/20180911181958_create_cats.rb:3
  [1m[36mActiveRecord::SchemaMigration Create (1.3ms)[0m  [1m[32mINSERT INTO "schema_migrations" ("version") VALUES ($1) RETURNING "version"[0m  [["version", "20180911181958"]]
  ↳ bin/rails:9
  [1m[35m (1.3ms)[0m  [1m[35mCOMMIT[0m
  ↳ bin/rails:9
  [1m[36mActiveRecord::InternalMetadata Load (13.6ms)[0m  [1m[34mSELECT  "ar_internal_metadata".* FROM "ar_internal_metadata" WHERE "ar_internal_metadata"."key" = $1 LIMIT $2[0m  [["key", "environment"], ["LIMIT", 1]]
  ↳ bin/rails:9
  [1m[35m (0.3ms)[0m  [1m[35mBEGIN[0m
  ↳ bin/rails:9
  [1m[36mActiveRecord::InternalMetadata Create (0.7ms)[0m  [1m[32mINSERT INTO "ar_internal_metadata" ("key", "value", "created_at", "updated_at") VALUES ($1, $2, $3, $4) RETURNING "key"[0m  [["key", "environment"], ["value", "development"], ["created_at", "2018-09-11 18:27:24.940062"], ["updated_at", "2018-09-11 18:27:24.940062"]]
  ↳ bin/rails:9
  [1m[35m (0.5ms)[0m  [1m[35mCOMMIT[0m
  ↳ bin/rails:9
  [1m[35m (0.4ms)[0m  [1m[34mSELECT pg_advisory_unlock(723150122408807205)[0m
  ↳ bin/rails:9
  [1m[35m (0.9ms)[0m  [1m[34mSELECT "schema_migrations"."version" FROM "schema_migrations" ORDER BY "schema_migrations"."version" ASC[0m
  ↳ bin/rails:9
Started GET "/cats" for 127.0.0.1 at 2018-09-11 11:40:28 -0700
  [1m[35m (1.1ms)[0m  [1m[34mSELECT "schema_migrations"."version" FROM "schema_migrations" ORDER BY "schema_migrations"."version" ASC[0m
  ↳ /usr/local/var/rbenv/versions/2.5.0/lib/ruby/gems/2.5.0/gems/activerecord-5.2.1/lib/active_record/log_subscriber.rb:98

AbstractController::ActionNotFound - The action 'index' could not be found for CatsController:

Started POST "/__better_errors/a9210366831f8cd7/variables" for 127.0.0.1 at 2018-09-11 11:40:29 -0700
Started GET "/cats" for 127.0.0.1 at 2018-09-11 11:45:47 -0700
Processing by CatsController#index as HTML
Completed 406 Not Acceptable in 131ms (ActiveRecord: 0.0ms)



ActionController::UnknownFormat - CatsController#index is missing a template for this request format and variant.

request.formats: ["text/html"]
request.variant: []

NOTE! For XHR/Ajax or API requests, this action would normally respond with 204 No Content: an empty white screen. Since you're loading it in a web browser, we assume that you expected to actually render a template, not nothing, so we're showing an error to be extra-clear. If you expect 204 No Content, carry on. That's what you'll get from an XHR or API request. Give it a shot.:

Started POST "/__better_errors/95217ebe32369f42/variables" for 127.0.0.1 at 2018-09-11 11:45:57 -0700
Started GET "/cats" for 127.0.0.1 at 2018-09-11 11:46:56 -0700
Processing by CatsController#index as HTML
  Rendering text template
  Rendered text template (0.1ms)
Completed 200 OK in 25ms (Views: 24.4ms | ActiveRecord: 0.0ms)


Started GET "/cats" for 127.0.0.1 at 2018-09-11 11:47:51 -0700
Processing by CatsController#index as HTML
Completed 406 Not Acceptable in 112ms (ActiveRecord: 0.0ms)



ActionController::UnknownFormat - CatsController#index is missing a template for this request format and variant.

request.formats: ["text/html"]
request.variant: []

NOTE! For XHR/Ajax or API requests, this action would normally respond with 204 No Content: an empty white screen. Since you're loading it in a web browser, we assume that you expected to actually render a template, not nothing, so we're showing an error to be extra-clear. If you expect 204 No Content, carry on. That's what you'll get from an XHR or API request. Give it a shot.:

Started POST "/__better_errors/0e0172c61130e1a8/variables" for 127.0.0.1 at 2018-09-11 11:47:51 -0700
Started GET "/cats" for 127.0.0.1 at 2018-09-11 11:51:34 -0700
Processing by CatsController#index as HTML
Completed 500 Internal Server Error in 12ms (ActiveRecord: 0.0ms)



ActionView::MissingTemplate - Missing template cats/index, application/index with {:locale=>[:en], :formats=>[:html], :variants=>[], :handlers=>[:raw, :erb, :html, :builder, :ruby, :coffee, :jbuilder]}. Searched in:
  * "/Users/appacademy/Desktop/w4d2/ninety_nine_cats/app/views"
:
  app/controllers/cats_controller.rb:3:in `index'

Started POST "/__better_errors/4c63e1a71a942ab3/variables" for 127.0.0.1 at 2018-09-11 11:51:34 -0700
Started GET "/cats" for 127.0.0.1 at 2018-09-11 11:53:28 -0700
Processing by CatsController#index as HTML
  Rendering cats/index.html.erb within layouts/application
  Rendered cats/index.html.erb within layouts/application (33.6ms)
Completed 200 OK in 520ms (Views: 519.1ms | ActiveRecord: 0.0ms)


Started GET "/cats" for 127.0.0.1 at 2018-09-11 11:53:59 -0700
  
ActionController::RoutingError (No route matches [GET] "/cats"):
  
actionpack (5.2.1) lib/action_dispatch/middleware/debug_exceptions.rb:65:in `call'
web-console (3.7.0) lib/web_console/middleware.rb:135:in `call_app'
web-console (3.7.0) lib/web_console/middleware.rb:30:in `block in call'
web-console (3.7.0) lib/web_console/middleware.rb:20:in `catch'
web-console (3.7.0) lib/web_console/middleware.rb:20:in `call'
actionpack (5.2.1) lib/action_dispatch/middleware/show_exceptions.rb:33:in `call'
railties (5.2.1) lib/rails/rack/logger.rb:38:in `call_app'
railties (5.2.1) lib/rails/rack/logger.rb:26:in `block in call'
activesupport (5.2.1) lib/active_support/tagged_logging.rb:71:in `block in tagged'
activesupport (5.2.1) lib/active_support/tagged_logging.rb:28:in `tagged'
activesupport (5.2.1) lib/active_support/tagged_logging.rb:71:in `tagged'
railties (5.2.1) lib/rails/rack/logger.rb:26:in `call'
sprockets-rails (3.2.1) lib/sprockets/rails/quiet_assets.rb:13:in `call'
actionpack (5.2.1) lib/action_dispatch/middleware/remote_ip.rb:81:in `call'
actionpack (5.2.1) lib/action_dispatch/middleware/request_id.rb:27:in `call'
rack (2.0.5) lib/rack/method_override.rb:22:in `call'
rack (2.0.5) lib/rack/runtime.rb:22:in `call'
activesupport (5.2.1) lib/active_support/cache/strategy/local_cache_middleware.rb:29:in `call'
actionpack (5.2.1) lib/action_dispatch/middleware/executor.rb:14:in `call'
actionpack (5.2.1) lib/action_dispatch/middleware/static.rb:127:in `call'
rack (2.0.5) lib/rack/sendfile.rb:111:in `call'
railties (5.2.1) lib/rails/engine.rb:524:in `call'
puma (3.12.0) lib/puma/configuration.rb:225:in `call'
puma (3.12.0) lib/puma/server.rb:658:in `handle_request'
puma (3.12.0) lib/puma/server.rb:472:in `process_client'
puma (3.12.0) lib/puma/server.rb:332:in `block in run'
puma (3.12.0) lib/puma/thread_pool.rb:133:in `block in spawn_thread'
Started GET "/cats" for 127.0.0.1 at 2018-09-11 11:54:15 -0700
Processing by CatsController#index as HTML
  Rendering cats/index.html.erb within layouts/application
  Rendered cats/index.html.erb within layouts/application (1.0ms)
Completed 200 OK in 32ms (Views: 28.1ms | ActiveRecord: 0.0ms)


Started GET "/cats" for 127.0.0.1 at 2018-09-11 11:54:28 -0700

AbstractController::ActionNotFound - The action 'index' could not be found for CatsController:

Started POST "/__better_errors/d6d4a8b787246419/variables" for 127.0.0.1 at 2018-09-11 11:54:29 -0700
Started GET "/cats" for 127.0.0.1 at 2018-09-11 11:54:40 -0700
Processing by CatsController#index as HTML
Completed 406 Not Acceptable in 136ms (ActiveRecord: 0.0ms)



ActionController::UnknownFormat - CatsController#index is missing a template for this request format and variant.

request.formats: ["text/html"]
request.variant: []

NOTE! For XHR/Ajax or API requests, this action would normally respond with 204 No Content: an empty white screen. Since you're loading it in a web browser, we assume that you expected to actually render a template, not nothing, so we're showing an error to be extra-clear. If you expect 204 No Content, carry on. That's what you'll get from an XHR or API request. Give it a shot.:

Started POST "/__better_errors/a8d5275ca17d9ece/variables" for 127.0.0.1 at 2018-09-11 11:54:40 -0700
Started GET "/cats" for 127.0.0.1 at 2018-09-11 11:55:18 -0700
Processing by CatsController#index as HTML
  Rendering cats/index.html.erb within layouts/application
  Rendered cats/index.html.erb within layouts/application (0.7ms)
Completed 200 OK in 34ms (Views: 33.6ms | ActiveRecord: 0.0ms)


Started GET "/cats" for 127.0.0.1 at 2018-09-11 11:57:59 -0700

NameError - uninitialized constant CatsController:

Started POST "/__better_errors/4088288dff871ba6/variables" for 127.0.0.1 at 2018-09-11 11:57:59 -0700
Started GET "/cats" for 127.0.0.1 at 2018-09-11 11:58:25 -0700
Processing by CatsController#index as HTML
  Rendering cats/index.html.erb within layouts/application
  Rendered cats/index.html.erb within layouts/application (0.4ms)
Completed 200 OK in 33ms (Views: 32.0ms | ActiveRecord: 0.0ms)


Started GET "/cats" for 127.0.0.1 at 2018-09-11 13:35:07 -0700
Processing by CatsController#index as HTML
  Rendering cats/index.html.erb within layouts/application
  [1m[36mCat Load (10.7ms)[0m  [1m[34mSELECT "cats".* FROM "cats"[0m
  ↳ app/views/cats/index.html.erb:4
  Rendered cats/index.html.erb within layouts/application (24.1ms)
Completed 200 OK in 129ms (Views: 54.7ms | ActiveRecord: 20.1ms)


Started GET "/cats" for 127.0.0.1 at 2018-09-11 13:35:14 -0700
Processing by CatsController#index as HTML
  Rendering cats/index.html.erb within layouts/application
  [1m[36mCat Load (0.4ms)[0m  [1m[34mSELECT "cats".* FROM "cats"[0m
  ↳ app/views/cats/index.html.erb:4
  Rendered cats/index.html.erb within layouts/application (1.6ms)
Completed 200 OK in 12ms (Views: 11.0ms | ActiveRecord: 0.4ms)


  [1m[35m (1.1ms)[0m  [1m[34mSELECT "schema_migrations"."version" FROM "schema_migrations" ORDER BY "schema_migrations"."version" ASC[0m
  ↳ bin/rails:9
  [1m[35m (0.2ms)[0m  [1m[35mBEGIN[0m
  ↳ db/seeds.rb:9
  [1m[36mCat Create (20.7ms)[0m  [1m[32mINSERT INTO "cats" ("birth_date", "color", "name", "sex", "description", "created_at", "updated_at") VALUES ($1, $2, $3, $4, $5, $6, $7) RETURNING "id"[0m  [["birth_date", "2017-09-11"], ["color", "Orange"], ["name", "Dave"], ["sex", "M"], ["description", "Dave is a cool cat"], ["created_at", "2018-09-11 20:44:30.715506"], ["updated_at", "2018-09-11 20:44:30.715506"]]
  ↳ db/seeds.rb:9
  [1m[35m (19.9ms)[0m  [1m[35mCOMMIT[0m
  ↳ db/seeds.rb:9
  [1m[35m (0.3ms)[0m  [1m[35mBEGIN[0m
  ↳ db/seeds.rb:17
  [1m[36mCat Create (0.6ms)[0m  [1m[32mINSERT INTO "cats" ("birth_date", "color", "name", "sex", "description", "created_at", "updated_at") VALUES ($1, $2, $3, $4, $5, $6, $7) RETURNING "id"[0m  [["birth_date", "2016-09-11"], ["color", "Brown"], ["name", "Steve"], ["sex", "M"], ["description", "Steve is a cool cat"], ["created_at", "2018-09-11 20:44:30.760409"], ["updated_at", "2018-09-11 20:44:30.760409"]]
  ↳ db/seeds.rb:17
  [1m[35m (0.6ms)[0m  [1m[35mCOMMIT[0m
  ↳ db/seeds.rb:17
  [1m[35m (0.1ms)[0m  [1m[35mBEGIN[0m
  ↳ db/seeds.rb:25
  [1m[36mCat Create (0.5ms)[0m  [1m[32mINSERT INTO "cats" ("birth_date", "color", "name", "sex", "description", "created_at", "updated_at") VALUES ($1, $2, $3, $4, $5, $6, $7) RETURNING "id"[0m  [["birth_date", "2016-09-11"], ["color", "White"], ["name", "Ashes"], ["sex", "F"], ["description", "Ashes is a cool cat"], ["created_at", "2018-09-11 20:44:30.764118"], ["updated_at", "2018-09-11 20:44:30.764118"]]
  ↳ db/seeds.rb:25
  [1m[35m (0.6ms)[0m  [1m[35mCOMMIT[0m
  ↳ db/seeds.rb:25
Started GET "/cats" for 127.0.0.1 at 2018-09-11 13:51:49 -0700
Processing by CatsController#index as HTML
  Rendering cats/index.html.erb within layouts/application
  [1m[36mCat Load (14.6ms)[0m  [1m[34mSELECT "cats".* FROM "cats"[0m
  ↳ app/views/cats/index.html.erb:4
  Rendered cats/index.html.erb within layouts/application (94.3ms)
Completed 200 OK in 173ms (Views: 150.4ms | ActiveRecord: 21.5ms)


Started GET "/cats" for 127.0.0.1 at 2018-09-11 13:53:18 -0700
Processing by CatsController#index as HTML
  Rendering cats/index.html.erb within layouts/application
  [1m[36mCat Load (0.5ms)[0m  [1m[34mSELECT "cats".* FROM "cats"[0m
  ↳ app/views/cats/index.html.erb:4
  Rendered cats/index.html.erb within layouts/application (2.2ms)
Completed 200 OK in 14ms (Views: 12.3ms | ActiveRecord: 0.5ms)


Started GET "/cats" for 127.0.0.1 at 2018-09-11 13:57:05 -0700
Processing by CatsController#index as HTML
  Rendering cats/index.html.erb within layouts/application
  [1m[36mCat Load (0.6ms)[0m  [1m[34mSELECT "cats".* FROM "cats"[0m
  ↳ app/views/cats/index.html.erb:4
  Rendered cats/index.html.erb within layouts/application (3.2ms)
Completed 200 OK in 13ms (Views: 11.5ms | ActiveRecord: 0.6ms)


Started GET "/cats/1" for 127.0.0.1 at 2018-09-11 13:57:07 -0700

AbstractController::ActionNotFound - The action 'show' could not be found for CatsController:

Started POST "/__better_errors/eb1a69e5173c2336/variables" for 127.0.0.1 at 2018-09-11 13:57:08 -0700
Started GET "/cats/3" for 127.0.0.1 at 2018-09-11 13:57:53 -0700

AbstractController::ActionNotFound - The action 'show' could not be found for CatsController:

Started POST "/__better_errors/0ffbf1c2b6c5b933/variables" for 127.0.0.1 at 2018-09-11 13:57:53 -0700
Started GET "/cats/3" for 127.0.0.1 at 2018-09-11 13:58:11 -0700
Processing by CatsController#show as HTML
  Parameters: {"id"=>"3"}
Completed 406 Not Acceptable in 168ms (ActiveRecord: 0.0ms)



ActionController::UnknownFormat - CatsController#show is missing a template for this request format and variant.

request.formats: ["text/html"]
request.variant: []

NOTE! For XHR/Ajax or API requests, this action would normally respond with 204 No Content: an empty white screen. Since you're loading it in a web browser, we assume that you expected to actually render a template, not nothing, so we're showing an error to be extra-clear. If you expect 204 No Content, carry on. That's what you'll get from an XHR or API request. Give it a shot.:

Started POST "/__better_errors/2386bef2459c4a43/variables" for 127.0.0.1 at 2018-09-11 13:58:11 -0700
Started GET "/cats/3" for 127.0.0.1 at 2018-09-11 13:59:21 -0700
Processing by CatsController#show as HTML
  Parameters: {"id"=>"3"}
Completed 500 Internal Server Error in 102ms (ActiveRecord: 0.0ms)



NoMethodError - undefined method `redner' for #<CatsController:0x00007fa1407d4ce8>
Did you mean?  render:
  app/controllers/cats_controller.rb:8:in `show'

Started POST "/__better_errors/375c1e0fdb5bea7e/variables" for 127.0.0.1 at 2018-09-11 13:59:21 -0700
Started GET "/cats/3" for 127.0.0.1 at 2018-09-11 13:59:29 -0700
Processing by CatsController#show as HTML
  Parameters: {"id"=>"3"}
Completed 500 Internal Server Error in 8ms (ActiveRecord: 0.0ms)



ActionView::MissingTemplate - Missing template cats/show, application/show with {:locale=>[:en], :formats=>[:html], :variants=>[], :handlers=>[:raw, :erb, :html, :builder, :ruby, :coffee, :jbuilder]}. Searched in:
  * "/Users/appacademy/Desktop/w4d2/ninety_nine_cats/app/views"
:
  app/controllers/cats_controller.rb:8:in `show'

Started POST "/__better_errors/528d1f0813e5f3cb/variables" for 127.0.0.1 at 2018-09-11 13:59:29 -0700
Started GET "/cats/3" for 127.0.0.1 at 2018-09-11 14:01:03 -0700
Processing by CatsController#show as HTML
  Parameters: {"id"=>"3"}
  Rendering cats/show.html.erb within layouts/application
  Rendered cats/show.html.erb within layouts/application (0.4ms)
Completed 200 OK in 29ms (Views: 28.4ms | ActiveRecord: 0.0ms)


Started GET "/cats/3" for 127.0.0.1 at 2018-09-11 14:06:48 -0700
Processing by CatsController#show as HTML
  Parameters: {"id"=>"3"}
  [1m[36mCat Load (0.9ms)[0m  [1m[34mSELECT  "cats".* FROM "cats" WHERE "cats"."id" = $1 LIMIT $2[0m  [["id", 3], ["LIMIT", 1]]
  ↳ app/controllers/cats_controller.rb:8
  Rendering cats/show.html.erb within layouts/application
  Rendered cats/show.html.erb within layouts/application (0.7ms)
Completed 200 OK in 111ms (Views: 50.3ms | ActiveRecord: 13.3ms)


Started GET "/cats/3" for 127.0.0.1 at 2018-09-11 14:08:02 -0700
Processing by CatsController#show as HTML
  Parameters: {"id"=>"3"}
  [1m[36mCat Load (0.6ms)[0m  [1m[34mSELECT  "cats".* FROM "cats" WHERE "cats"."id" = $1 LIMIT $2[0m  [["id", 3], ["LIMIT", 1]]
  ↳ app/controllers/cats_controller.rb:8
  Rendering cats/show.html.erb within layouts/application
  Rendered cats/show.html.erb within layouts/application (0.7ms)
Completed 200 OK in 73ms (Views: 70.6ms | ActiveRecord: 0.6ms)


Started GET "/cats/3" for 127.0.0.1 at 2018-09-11 14:08:40 -0700
Processing by CatsController#show as HTML
  Parameters: {"id"=>"3"}
  [1m[36mCat Load (0.5ms)[0m  [1m[34mSELECT  "cats".* FROM "cats" WHERE "cats"."id" = $1 LIMIT $2[0m  [["id", 3], ["LIMIT", 1]]
  ↳ app/controllers/cats_controller.rb:8
  Rendering cats/show.html.erb within layouts/application
  Rendered cats/show.html.erb within layouts/application (0.6ms)
Completed 200 OK in 12ms (Views: 10.1ms | ActiveRecord: 0.5ms)


Started GET "/cats/3" for 127.0.0.1 at 2018-09-11 14:09:22 -0700
Processing by CatsController#show as HTML
  Parameters: {"id"=>"3"}
  [1m[36mCat Load (0.6ms)[0m  [1m[34mSELECT  "cats".* FROM "cats" WHERE "cats"."id" = $1 LIMIT $2[0m  [["id", 3], ["LIMIT", 1]]
  ↳ app/controllers/cats_controller.rb:8
  Rendering cats/show.html.erb within layouts/application
  Rendered cats/show.html.erb within layouts/application (1.8ms)
Completed 200 OK in 27ms (Views: 24.8ms | ActiveRecord: 0.6ms)


Started GET "/cats/3" for 127.0.0.1 at 2018-09-11 14:10:36 -0700
Processing by CatsController#show as HTML
  Parameters: {"id"=>"3"}
  [1m[36mCat Load (0.8ms)[0m  [1m[34mSELECT  "cats".* FROM "cats" WHERE "cats"."id" = $1 LIMIT $2[0m  [["id", 3], ["LIMIT", 1]]
  ↳ app/controllers/cats_controller.rb:8
  Rendering cats/show.html.erb within layouts/application
  Rendered cats/show.html.erb within layouts/application (12.3ms)
Completed 500 Internal Server Error in 68ms (ActiveRecord: 6.9ms)



TypeError - can't convert Date into an exact number:
  app/models/cat.rb:13:in `age'
  app/views/cats/show.html.erb:3:in `_app_views_cats_show_html_erb___1150811975404487050_70165269130040'
  app/controllers/cats_controller.rb:9:in `show'

Started POST "/__better_errors/cac62aae122b27ad/variables" for 127.0.0.1 at 2018-09-11 14:10:36 -0700
Started GET "/cats/3" for 127.0.0.1 at 2018-09-11 14:11:09 -0700
Processing by CatsController#show as HTML
  Parameters: {"id"=>"3"}
  [1m[36mCat Load (0.4ms)[0m  [1m[34mSELECT  "cats".* FROM "cats" WHERE "cats"."id" = $1 LIMIT $2[0m  [["id", 3], ["LIMIT", 1]]
  ↳ app/controllers/cats_controller.rb:8
  Rendering cats/show.html.erb within layouts/application
  Rendered cats/show.html.erb within layouts/application (5.7ms)
Completed 500 Internal Server Error in 65ms (ActiveRecord: 9.0ms)



TypeError - can't convert Date into an exact number:
  app/models/cat.rb:13:in `age'
  app/views/cats/show.html.erb:3:in `_app_views_cats_show_html_erb___1150811975404487050_70165272380060'
  app/controllers/cats_controller.rb:9:in `show'

Started POST "/__better_errors/d9f25c729dfbd1da/variables" for 127.0.0.1 at 2018-09-11 14:11:09 -0700
Started GET "/cats/3" for 127.0.0.1 at 2018-09-11 14:11:30 -0700
Processing by CatsController#show as HTML
  Parameters: {"id"=>"3"}
  [1m[36mCat Load (0.3ms)[0m  [1m[34mSELECT  "cats".* FROM "cats" WHERE "cats"."id" = $1 LIMIT $2[0m  [["id", 3], ["LIMIT", 1]]
  ↳ app/controllers/cats_controller.rb:8
  Rendering cats/show.html.erb within layouts/application
  Rendered cats/show.html.erb within layouts/application (6.0ms)
Completed 200 OK in 37ms (Views: 16.8ms | ActiveRecord: 5.6ms)


Started GET "/cats/3" for 127.0.0.1 at 2018-09-11 14:11:37 -0700
Processing by CatsController#show as HTML
  Parameters: {"id"=>"3"}
  [1m[36mCat Load (0.3ms)[0m  [1m[34mSELECT  "cats".* FROM "cats" WHERE "cats"."id" = $1 LIMIT $2[0m  [["id", 3], ["LIMIT", 1]]
  ↳ app/controllers/cats_controller.rb:8
  Rendering cats/show.html.erb within layouts/application
  Rendered cats/show.html.erb within layouts/application (0.7ms)
Completed 200 OK in 32ms (Views: 10.4ms | ActiveRecord: 6.4ms)


Started GET "/cats/3" for 127.0.0.1 at 2018-09-11 14:11:46 -0700
Processing by CatsController#show as HTML
  Parameters: {"id"=>"3"}
  [1m[36mCat Load (0.3ms)[0m  [1m[34mSELECT  "cats".* FROM "cats" WHERE "cats"."id" = $1 LIMIT $2[0m  [["id", 3], ["LIMIT", 1]]
  ↳ app/controllers/cats_controller.rb:8
  Rendering cats/show.html.erb within layouts/application
  Rendered cats/show.html.erb within layouts/application (0.7ms)
Completed 200 OK in 31ms (Views: 11.4ms | ActiveRecord: 6.2ms)


Started GET "/cats" for 127.0.0.1 at 2018-09-11 14:12:57 -0700
Processing by CatsController#index as HTML
  Rendering cats/index.html.erb within layouts/application
  [1m[36mCat Load (0.5ms)[0m  [1m[34mSELECT "cats".* FROM "cats"[0m
  ↳ app/views/cats/index.html.erb:4
  Rendered cats/index.html.erb within layouts/application (16.2ms)
Completed 200 OK in 74ms (Views: 40.5ms | ActiveRecord: 5.7ms)


Started GET "/cats/1" for 127.0.0.1 at 2018-09-11 14:13:01 -0700
Processing by CatsController#show as HTML
  Parameters: {"id"=>"1"}
  [1m[36mCat Load (0.4ms)[0m  [1m[34mSELECT  "cats".* FROM "cats" WHERE "cats"."id" = $1 LIMIT $2[0m  [["id", 1], ["LIMIT", 1]]
  ↳ app/controllers/cats_controller.rb:8
  Rendering cats/show.html.erb within layouts/application
  Rendered cats/show.html.erb within layouts/application (5.1ms)
Completed 500 Internal Server Error in 14ms (ActiveRecord: 0.4ms)



TypeError - can't convert Date into an exact number:
  app/models/cat.rb:13:in `age'
  app/views/cats/show.html.erb:3:in `_app_views_cats_show_html_erb___1150811975404487050_70165249628680'
  app/controllers/cats_controller.rb:9:in `show'

Started POST "/__better_errors/934962a0d248e5db/variables" for 127.0.0.1 at 2018-09-11 14:13:01 -0700
Started POST "/__better_errors/934962a0d248e5db/eval" for 127.0.0.1 at 2018-09-11 14:13:09 -0700
Started POST "/__better_errors/934962a0d248e5db/eval" for 127.0.0.1 at 2018-09-11 14:13:13 -0700
Started POST "/__better_errors/934962a0d248e5db/eval" for 127.0.0.1 at 2018-09-11 14:13:20 -0700
Started POST "/__better_errors/934962a0d248e5db/eval" for 127.0.0.1 at 2018-09-11 14:13:25 -0700
Started POST "/__better_errors/934962a0d248e5db/eval" for 127.0.0.1 at 2018-09-11 14:13:31 -0700
Started POST "/__better_errors/934962a0d248e5db/eval" for 127.0.0.1 at 2018-09-11 14:13:37 -0700
Started GET "/cats/1" for 127.0.0.1 at 2018-09-11 14:14:07 -0700
Processing by CatsController#show as HTML
  Parameters: {"id"=>"1"}
  [1m[36mCat Load (0.3ms)[0m  [1m[34mSELECT  "cats".* FROM "cats" WHERE "cats"."id" = $1 LIMIT $2[0m  [["id", 1], ["LIMIT", 1]]
  ↳ app/controllers/cats_controller.rb:8
  Rendering cats/show.html.erb within layouts/application
  Rendered cats/show.html.erb within layouts/application (7.5ms)
Completed 200 OK in 150ms (Views: 52.3ms | ActiveRecord: 6.2ms)


Started GET "/cats/1" for 127.0.0.1 at 2018-09-11 14:14:32 -0700
Processing by CatsController#show as HTML
  Parameters: {"id"=>"1"}
  [1m[36mCat Load (0.3ms)[0m  [1m[34mSELECT  "cats".* FROM "cats" WHERE "cats"."id" = $1 LIMIT $2[0m  [["id", 1], ["LIMIT", 1]]
  ↳ app/controllers/cats_controller.rb:8
  Rendering cats/show.html.erb within layouts/application
  Rendered cats/show.html.erb within layouts/application (0.7ms)
Completed 200 OK in 33ms (Views: 10.8ms | ActiveRecord: 5.8ms)


Started GET "/cats/1" for 127.0.0.1 at 2018-09-11 14:14:45 -0700
Processing by CatsController#show as HTML
  Parameters: {"id"=>"1"}
Completed 500 Internal Server Error in 15ms (ActiveRecord: 0.0ms)



SyntaxError - syntax error, unexpected '(', expecting keyword_end
    ()(Date.today - birth_date) / 36...
      ^
/Users/appacademy/Desktop/w4d2/ninety_nine_cats/app/models/cat.rb:13: syntax error, unexpected ')', expecting keyword_end
    ()(Date.today - birth_date) / 365).to_i
                              ^:
  app/models/cat.rb:13:in `'
  app/controllers/cats_controller.rb:8:in `show'

Started POST "/__better_errors/8b490539647c65c7/variables" for 127.0.0.1 at 2018-09-11 14:14:45 -0700
Started GET "/cats/1" for 127.0.0.1 at 2018-09-11 14:14:53 -0700
Processing by CatsController#show as HTML
  Parameters: {"id"=>"1"}
  [1m[36mCat Load (0.5ms)[0m  [1m[34mSELECT  "cats".* FROM "cats" WHERE "cats"."id" = $1 LIMIT $2[0m  [["id", 1], ["LIMIT", 1]]
  ↳ app/controllers/cats_controller.rb:8
  Rendering cats/show.html.erb within layouts/application
  Rendered cats/show.html.erb within layouts/application (0.7ms)
Completed 200 OK in 31ms (Views: 10.5ms | ActiveRecord: 5.9ms)


Started GET "/cats" for 127.0.0.1 at 2018-09-11 14:14:58 -0700
Processing by CatsController#index as HTML
  Rendering cats/index.html.erb within layouts/application
  [1m[36mCat Load (0.5ms)[0m  [1m[34mSELECT "cats".* FROM "cats"[0m
  ↳ app/views/cats/index.html.erb:4
  Rendered cats/index.html.erb within layouts/application (2.3ms)
Completed 200 OK in 15ms (Views: 13.8ms | ActiveRecord: 0.5ms)


Started GET "/cats/2" for 127.0.0.1 at 2018-09-11 14:14:59 -0700
Processing by CatsController#show as HTML
  Parameters: {"id"=>"2"}
  [1m[36mCat Load (0.3ms)[0m  [1m[34mSELECT  "cats".* FROM "cats" WHERE "cats"."id" = $1 LIMIT $2[0m  [["id", 2], ["LIMIT", 1]]
  ↳ app/controllers/cats_controller.rb:8
  Rendering cats/show.html.erb within layouts/application
  Rendered cats/show.html.erb within layouts/application (0.6ms)
Completed 200 OK in 13ms (Views: 10.5ms | ActiveRecord: 0.3ms)


Started GET "/cats/3" for 127.0.0.1 at 2018-09-11 14:15:01 -0700
Processing by CatsController#show as HTML
  Parameters: {"id"=>"3"}
  [1m[36mCat Load (0.5ms)[0m  [1m[34mSELECT  "cats".* FROM "cats" WHERE "cats"."id" = $1 LIMIT $2[0m  [["id", 3], ["LIMIT", 1]]
  ↳ app/controllers/cats_controller.rb:8
  Rendering cats/show.html.erb within layouts/application
  Rendered cats/show.html.erb within layouts/application (0.7ms)
Completed 200 OK in 14ms (Views: 11.2ms | ActiveRecord: 0.5ms)


Started GET "/cats/1" for 127.0.0.1 at 2018-09-11 14:15:29 -0700
Processing by CatsController#show as HTML
  Parameters: {"id"=>"1"}
  [1m[36mCat Load (0.4ms)[0m  [1m[34mSELECT  "cats".* FROM "cats" WHERE "cats"."id" = $1 LIMIT $2[0m  [["id", 1], ["LIMIT", 1]]
  ↳ app/controllers/cats_controller.rb:8
  Rendering cats/show.html.erb within layouts/application
  Rendered cats/show.html.erb within layouts/application (1.1ms)
Completed 200 OK in 15ms (Views: 12.9ms | ActiveRecord: 0.4ms)


Started GET "/cats/2" for 127.0.0.1 at 2018-09-11 14:15:31 -0700
Processing by CatsController#show as HTML
  Parameters: {"id"=>"2"}
  [1m[36mCat Load (0.4ms)[0m  [1m[34mSELECT  "cats".* FROM "cats" WHERE "cats"."id" = $1 LIMIT $2[0m  [["id", 2], ["LIMIT", 1]]
  ↳ app/controllers/cats_controller.rb:8
  Rendering cats/show.html.erb within layouts/application
  Rendered cats/show.html.erb within layouts/application (0.7ms)
Completed 200 OK in 14ms (Views: 12.0ms | ActiveRecord: 0.4ms)


Started GET "/cats/3" for 127.0.0.1 at 2018-09-11 14:15:33 -0700
Processing by CatsController#show as HTML
  Parameters: {"id"=>"3"}
  [1m[36mCat Load (0.4ms)[0m  [1m[34mSELECT  "cats".* FROM "cats" WHERE "cats"."id" = $1 LIMIT $2[0m  [["id", 3], ["LIMIT", 1]]
  ↳ app/controllers/cats_controller.rb:8
  Rendering cats/show.html.erb within layouts/application
  Rendered cats/show.html.erb within layouts/application (0.7ms)
Completed 200 OK in 14ms (Views: 11.4ms | ActiveRecord: 0.4ms)


Started GET "/cats" for 127.0.0.1 at 2018-09-11 14:22:17 -0700
Processing by CatsController#index as HTML
  Rendering cats/index.html.erb within layouts/application
  [1m[36mCat Load (2.1ms)[0m  [1m[34mSELECT "cats".* FROM "cats"[0m
  ↳ app/views/cats/index.html.erb:4
  Rendered cats/index.html.erb within layouts/application (24.2ms)
Completed 200 OK in 36ms (Views: 20.2ms | ActiveRecord: 12.9ms)


Started GET "/cats/1" for 127.0.0.1 at 2018-09-11 14:22:19 -0700
Processing by CatsController#show as HTML
  Parameters: {"id"=>"1"}
  [1m[36mCat Load (0.5ms)[0m  [1m[34mSELECT  "cats".* FROM "cats" WHERE "cats"."id" = $1 LIMIT $2[0m  [["id", 1], ["LIMIT", 1]]
  ↳ app/controllers/cats_controller.rb:8
  Rendering cats/show.html.erb within layouts/application
  Rendered cats/show.html.erb within layouts/application (0.9ms)
Completed 200 OK in 18ms (Views: 13.7ms | ActiveRecord: 1.2ms)


Started GET "/cats/2" for 127.0.0.1 at 2018-09-11 14:23:29 -0700
Processing by CatsController#show as HTML
  Parameters: {"id"=>"2"}
  [1m[36mCat Load (0.8ms)[0m  [1m[34mSELECT  "cats".* FROM "cats" WHERE "cats"."id" = $1 LIMIT $2[0m  [["id", 2], ["LIMIT", 1]]
  ↳ app/controllers/cats_controller.rb:8
  Rendering cats/show.html.erb within layouts/application
  Rendered cats/show.html.erb within layouts/application (1.0ms)
Completed 200 OK in 16ms (Views: 13.3ms | ActiveRecord: 0.8ms)


Started GET "/cats/2" for 127.0.0.1 at 2018-09-11 14:24:02 -0700
Processing by CatsController#show as HTML
  Parameters: {"id"=>"2"}
  [1m[36mCat Load (0.6ms)[0m  [1m[34mSELECT  "cats".* FROM "cats" WHERE "cats"."id" = $1 LIMIT $2[0m  [["id", 2], ["LIMIT", 1]]
  ↳ app/controllers/cats_controller.rb:8
  Rendering cats/show.html.erb within layouts/application
  Rendered cats/show.html.erb within layouts/application (1.1ms)
Completed 200 OK in 13ms (Views: 10.8ms | ActiveRecord: 0.6ms)


Started GET "/cats/2" for 127.0.0.1 at 2018-09-11 14:24:32 -0700
Processing by CatsController#show as HTML
  Parameters: {"id"=>"2"}
  [1m[36mCat Load (0.5ms)[0m  [1m[34mSELECT  "cats".* FROM "cats" WHERE "cats"."id" = $1 LIMIT $2[0m  [["id", 2], ["LIMIT", 1]]
  ↳ app/controllers/cats_controller.rb:8
  Rendering cats/show.html.erb within layouts/application
  Rendered cats/show.html.erb within layouts/application (1.1ms)
Completed 200 OK in 17ms (Views: 14.5ms | ActiveRecord: 0.5ms)


Started GET "/cats" for 127.0.0.1 at 2018-09-11 14:27:19 -0700
Processing by CatsController#index as HTML
  Rendering cats/index.html.erb within layouts/application
  [1m[36mCat Load (1.5ms)[0m  [1m[34mSELECT "cats".* FROM "cats"[0m
  ↳ app/views/cats/index.html.erb:4
  Rendered cats/index.html.erb within layouts/application (4.8ms)
Completed 200 OK in 73ms (Views: 70.5ms | ActiveRecord: 1.5ms)


Started GET "/cats/new" for 127.0.0.1 at 2018-09-11 14:27:28 -0700
Processing by CatsController#new as HTML
  Rendering cats/new.html.erb within layouts/application
  Rendered cats/new.html.erb within layouts/application (0.5ms)
Completed 200 OK in 13ms (Views: 10.5ms | ActiveRecord: 0.0ms)


Started GET "/cats/new" for 127.0.0.1 at 2018-09-11 14:40:48 -0700
Processing by CatsController#new as HTML
  Rendering cats/new.html.erb within layouts/application
  Rendered cats/new.html.erb within layouts/application (6.8ms)
Completed 200 OK in 84ms (Views: 78.6ms | ActiveRecord: 0.0ms)


Started GET "/cats/new" for 127.0.0.1 at 2018-09-11 14:41:47 -0700
Processing by CatsController#new as HTML
  Rendering cats/new.html.erb within layouts/application
  Rendered cats/new.html.erb within layouts/application (0.9ms)
Completed 200 OK in 98ms (Views: 93.0ms | ActiveRecord: 0.0ms)


Started GET "/cats/new" for 127.0.0.1 at 2018-09-11 14:48:13 -0700
Processing by CatsController#new as HTML
  Rendering cats/new.html.erb within layouts/application
  Rendered cats/new.html.erb within layouts/application (0.9ms)
Completed 200 OK in 64ms (Views: 59.2ms | ActiveRecord: 0.0ms)


Started GET "/cats/new" for 127.0.0.1 at 2018-09-11 14:48:24 -0700
Processing by CatsController#new as HTML
  Rendering cats/new.html.erb within layouts/application
  Rendered cats/new.html.erb within layouts/application (0.6ms)
Completed 200 OK in 18ms (Views: 15.1ms | ActiveRecord: 0.0ms)


Started GET "/cats/new" for 127.0.0.1 at 2018-09-11 14:48:57 -0700
Processing by CatsController#new as HTML
  Rendering cats/new.html.erb within layouts/application
  Rendered cats/new.html.erb within layouts/application (0.8ms)
Completed 200 OK in 15ms (Views: 12.6ms | ActiveRecord: 0.0ms)


Started GET "/cats/new" for 127.0.0.1 at 2018-09-11 14:49:19 -0700
Processing by CatsController#new as HTML
  Rendering cats/new.html.erb within layouts/application
  Rendered cats/new.html.erb within layouts/application (1.7ms)
Completed 200 OK in 17ms (Views: 13.9ms | ActiveRecord: 0.0ms)


Started GET "/cats/new" for 127.0.0.1 at 2018-09-11 14:51:04 -0700
Processing by CatsController#new as HTML
  Rendering cats/new.html.erb within layouts/application
  Rendered cats/new.html.erb within layouts/application (0.9ms)
Completed 200 OK in 15ms (Views: 12.5ms | ActiveRecord: 0.0ms)


Started GET "/cats/new" for 127.0.0.1 at 2018-09-11 14:51:12 -0700
Processing by CatsController#new as HTML
  Rendering cats/new.html.erb within layouts/application
  Rendered cats/new.html.erb within layouts/application (0.8ms)
Completed 200 OK in 16ms (Views: 12.0ms | ActiveRecord: 0.0ms)


Started GET "/cats/new" for 127.0.0.1 at 2018-09-11 14:54:39 -0700
Processing by CatsController#new as HTML
  Rendering cats/new.html.erb within layouts/application
  Rendered cats/new.html.erb within layouts/application (0.9ms)
Completed 200 OK in 16ms (Views: 12.9ms | ActiveRecord: 0.0ms)


Started GET "/cats/new" for 127.0.0.1 at 2018-09-11 14:56:14 -0700
Processing by CatsController#new as HTML
  Rendering cats/new.html.erb within layouts/application
  Rendered cats/new.html.erb within layouts/application (1.3ms)
Completed 200 OK in 57ms (Views: 53.5ms | ActiveRecord: 0.0ms)


Started GET "/cats/new" for 127.0.0.1 at 2018-09-11 14:56:27 -0700
Processing by CatsController#new as HTML
  Rendering cats/new.html.erb within layouts/application
  Rendered cats/new.html.erb within layouts/application (1.0ms)
Completed 200 OK in 39ms (Views: 35.4ms | ActiveRecord: 0.0ms)


Started GET "/cats/new" for 127.0.0.1 at 2018-09-11 15:00:23 -0700
Processing by CatsController#new as HTML
  Rendering cats/new.html.erb within layouts/application
  Rendered cats/new.html.erb within layouts/application (0.9ms)
Completed 200 OK in 79ms (Views: 75.3ms | ActiveRecord: 0.0ms)


Started GET "/cats/new" for 127.0.0.1 at 2018-09-11 15:01:54 -0700
Processing by CatsController#new as HTML
  Rendering cats/new.html.erb within layouts/application
  Rendered cats/new.html.erb within layouts/application (1.1ms)
Completed 200 OK in 38ms (Views: 34.5ms | ActiveRecord: 0.0ms)


Started POST "/cats" for 127.0.0.1 at 2018-09-11 15:02:36 -0700

AbstractController::ActionNotFound - The action 'create' could not be found for CatsController:

Started POST "/__better_errors/7f5120300be3a627/variables" for 127.0.0.1 at 2018-09-11 15:02:36 -0700
Started GET "/cats/new" for 127.0.0.1 at 2018-09-11 15:12:33 -0700
Processing by CatsController#new as HTML
  Rendering cats/new.html.erb within layouts/application
  Rendered cats/new.html.erb within layouts/application (2.8ms)
Completed 200 OK in 34ms (Views: 32.9ms | ActiveRecord: 0.0ms)


Started POST "/cats" for 127.0.0.1 at 2018-09-11 15:12:54 -0700
Processing by CatsController#create as HTML
  Parameters: {"cat"=>{"name"=>"Alejandro", "sex"=>"M", "color"=>"Brown", "birth_date"=>"2018-09-01", "description"=>"some dude"}}
  [1m[35m (0.3ms)[0m  [1m[35mBEGIN[0m
  ↳ app/controllers/cats_controller.rb:18
  [1m[36mCat Create (1.2ms)[0m  [1m[32mINSERT INTO "cats" ("birth_date", "color", "name", "sex", "description", "created_at", "updated_at") VALUES ($1, $2, $3, $4, $5, $6, $7) RETURNING "id"[0m  [["birth_date", "2018-09-01"], ["color", "Brown"], ["name", "Alejandro"], ["sex", "M"], ["description", "some dude"], ["created_at", "2018-09-11 22:12:54.815876"], ["updated_at", "2018-09-11 22:12:54.815876"]]
  ↳ app/controllers/cats_controller.rb:18
  [1m[35m (21.6ms)[0m  [1m[35mCOMMIT[0m
  ↳ app/controllers/cats_controller.rb:18
Redirected to http://localhost:3000/cats/4
Completed 302 Found in 128ms (ActiveRecord: 36.6ms)


Started GET "/cats/4" for 127.0.0.1 at 2018-09-11 15:12:54 -0700
Processing by CatsController#show as HTML
  Parameters: {"id"=>"4"}
  [1m[36mCat Load (0.9ms)[0m  [1m[34mSELECT  "cats".* FROM "cats" WHERE "cats"."id" = $1 LIMIT $2[0m  [["id", 4], ["LIMIT", 1]]
  ↳ app/controllers/cats_controller.rb:8
  Rendering cats/show.html.erb within layouts/application
  Rendered cats/show.html.erb within layouts/application (1.2ms)
Completed 200 OK in 37ms (Views: 32.6ms | ActiveRecord: 1.2ms)


Started GET "/cats/new" for 127.0.0.1 at 2018-09-11 15:15:32 -0700
Processing by CatsController#new as HTML
  Rendering cats/new.html.erb within layouts/application
  Rendered cats/new.html.erb within layouts/application (0.9ms)
Completed 200 OK in 72ms (Views: 71.2ms | ActiveRecord: 0.0ms)


Started POST "/cats" for 127.0.0.1 at 2018-09-11 15:15:37 -0700
Processing by CatsController#create as HTML
  Parameters: {"cat"=>{"name"=>"fdahgdsj", "birth_date"=>"", "description"=>""}}
  [1m[35m (0.3ms)[0m  [1m[35mBEGIN[0m
  ↳ app/controllers/cats_controller.rb:18
  [1m[35m (0.3ms)[0m  [1m[31mROLLBACK[0m
  ↳ app/controllers/cats_controller.rb:18
  Rendering cats/new.html.erb within layouts/application
  Rendered cats/new.html.erb within layouts/application (0.8ms)
Completed 200 OK in 153ms (Views: 12.4ms | ActiveRecord: 0.6ms)


Started GET "/cats/new" for 127.0.0.1 at 2018-09-11 15:19:51 -0700
Processing by CatsController#new as HTML
  Rendering cats/new.html.erb within layouts/application
  Rendered cats/new.html.erb within layouts/application (3.7ms)
Completed 500 Internal Server Error in 19ms (ActiveRecord: 0.0ms)



ArgumentError - ':form' is not an ActiveModel-compatible object. It must implement :to_partial_path.:
  app/views/cats/new.html.erb:3:in `_app_views_cats_new_html_erb__3866785288155543962_70165268748940'
  app/controllers/cats_controller.rb:13:in `new'

Started POST "/__better_errors/0513b0ccdd35687b/variables" for 127.0.0.1 at 2018-09-11 15:19:52 -0700
Started GET "/cats/new" for 127.0.0.1 at 2018-09-11 15:20:26 -0700
Processing by CatsController#new as HTML
  Rendering cats/new.html.erb within layouts/application
  Rendered cats/new.html.erb within layouts/application (3.6ms)
Completed 500 Internal Server Error in 29ms (ActiveRecord: 0.0ms)



ArgumentError - ':form' is not an ActiveModel-compatible object. It must implement :to_partial_path.:
  app/views/cats/new.html.erb:3:in `_app_views_cats_new_html_erb__3866785288155543962_70165233707840'
  app/controllers/cats_controller.rb:13:in `new'

Started POST "/__better_errors/74df98de43c1e530/variables" for 127.0.0.1 at 2018-09-11 15:20:27 -0700
Started GET "/cats/new" for 127.0.0.1 at 2018-09-11 15:20:55 -0700
Processing by CatsController#new as HTML
  Rendering cats/new.html.erb within layouts/application
  Rendered cats/_form.html.erb (1.0ms)
  Rendered cats/new.html.erb within layouts/application (11.8ms)
Completed 200 OK in 85ms (Views: 84.2ms | ActiveRecord: 0.0ms)


Started GET "/cats/new" for 127.0.0.1 at 2018-09-11 15:21:03 -0700
Processing by CatsController#new as HTML
  Rendering cats/new.html.erb within layouts/application
  Rendered cats/new.html.erb within layouts/application (4.9ms)
Completed 500 Internal Server Error in 13ms (ActiveRecord: 0.0ms)



ArgumentError - ':form' is not an ActiveModel-compatible object. It must implement :to_partial_path.:
  app/views/cats/new.html.erb:3:in `_app_views_cats_new_html_erb__3866785288155543962_70165273977060'
  app/controllers/cats_controller.rb:13:in `new'

Started POST "/__better_errors/c53d946f5933d2cd/variables" for 127.0.0.1 at 2018-09-11 15:21:03 -0700
Started GET "/cats/new" for 127.0.0.1 at 2018-09-11 15:21:12 -0700
Processing by CatsController#new as HTML
  Rendering cats/new.html.erb within layouts/application
  Rendered cats/_form.html.erb (1.1ms)
  Rendered cats/new.html.erb within layouts/application (11.4ms)
Completed 200 OK in 33ms (Views: 32.8ms | ActiveRecord: 0.0ms)


Started GET "/cats/new" for 127.0.0.1 at 2018-09-11 15:26:10 -0700
Processing by CatsController#new as HTML
  Rendering cats/new.html.erb within layouts/application
  Rendered cats/_form.html.erb (0.4ms)
  Rendered cats/new.html.erb within layouts/application (5.9ms)
Completed 200 OK in 63ms (Views: 62.7ms | ActiveRecord: 0.0ms)


Started GET "/cats/new" for 127.0.0.1 at 2018-09-11 15:27:56 -0700
Processing by CatsController#new as HTML
  Rendering cats/new.html.erb within layouts/application
  Rendered cats/_form.html.erb (6.8ms)
  Rendered cats/new.html.erb within layouts/application (10.2ms)
Completed 500 Internal Server Error in 23ms (ActiveRecord: 0.0ms)



NoMethodError - undefined method `name' for nil:NilClass:
  app/views/cats/_form.html.erb:2:in `_app_views_cats__form_html_erb__3644338143175156316_70165232544060'
  app/views/cats/new.html.erb:5:in `_app_views_cats_new_html_erb__3866785288155543962_70165266813140'
  app/controllers/cats_controller.rb:14:in `new'

Started POST "/__better_errors/42012a6e66e66668/variables" for 127.0.0.1 at 2018-09-11 15:27:57 -0700
Started GET "/cats/new" for 127.0.0.1 at 2018-09-11 15:28:06 -0700
Processing by CatsController#new as HTML
  Rendering cats/new.html.erb within layouts/application
  Rendered cats/_form.html.erb (0.5ms)
  Rendered cats/new.html.erb within layouts/application (4.7ms)
Completed 200 OK in 177ms (Views: 74.6ms | ActiveRecord: 7.5ms)


Started GET "/cats/new" for 127.0.0.1 at 2018-09-11 15:28:19 -0700
Processing by CatsController#new as HTML
  Rendering cats/new.html.erb within layouts/application
  Rendered cats/_form.html.erb (0.3ms)
  Rendered cats/new.html.erb within layouts/application (2.7ms)
Completed 200 OK in 32ms (Views: 12.9ms | ActiveRecord: 8.6ms)


Started GET "/cats/new" for 127.0.0.1 at 2018-09-11 15:28:30 -0700
Processing by CatsController#new as HTML
  Rendering cats/new.html.erb within layouts/application
  Rendered cats/_form.html.erb (0.4ms)
  Rendered cats/new.html.erb within layouts/application (9.8ms)
Completed 200 OK in 35ms (Views: 18.9ms | ActiveRecord: 5.7ms)


Started GET "/cats/1/edit" for 127.0.0.1 at 2018-09-11 15:32:46 -0700
Processing by CatsController#edit as HTML
  Parameters: {"id"=>"1"}
  Rendering cats/edit.html.erb within layouts/application
  Rendered cats/edit.html.erb within layouts/application (5.0ms)
Completed 500 Internal Server Error in 29ms (ActiveRecord: 0.0ms)



ActionController::UrlGenerationError - No route matches {:action=>"edit", :controller=>"cats", :id=>nil}, missing required keys: [:id]:
  app/views/cats/edit.html.erb:3:in `_app_views_cats_edit_html_erb___4072068535019969383_70165269191140'

Started POST "/__better_errors/0c167ab269fa7e63/variables" for 127.0.0.1 at 2018-09-11 15:32:46 -0700
Started GET "/cats/2/edit" for 127.0.0.1 at 2018-09-11 15:33:03 -0700
Processing by CatsController#edit as HTML
  Parameters: {"id"=>"2"}
  Rendering cats/edit.html.erb within layouts/application
  Rendered cats/edit.html.erb within layouts/application (4.2ms)
Completed 500 Internal Server Error in 13ms (ActiveRecord: 0.0ms)



ActionController::UrlGenerationError - No route matches {:action=>"edit", :controller=>"cats", :id=>nil}, missing required keys: [:id]:
  app/views/cats/edit.html.erb:3:in `_app_views_cats_edit_html_erb___4072068535019969383_70165233697320'

Started POST "/__better_errors/b2ff41d6f34322c0/variables" for 127.0.0.1 at 2018-09-11 15:33:03 -0700
Started GET "/cats/3/edit" for 127.0.0.1 at 2018-09-11 15:33:12 -0700
Processing by CatsController#edit as HTML
  Parameters: {"id"=>"3"}
  Rendering cats/edit.html.erb within layouts/application
  Rendered cats/edit.html.erb within layouts/application (4.3ms)
Completed 500 Internal Server Error in 13ms (ActiveRecord: 0.0ms)



ActionController::UrlGenerationError - No route matches {:action=>"edit", :controller=>"cats", :id=>nil}, missing required keys: [:id]:
  app/views/cats/edit.html.erb:3:in `_app_views_cats_edit_html_erb___4072068535019969383_70165274193920'

Started POST "/__better_errors/951ef787ce1c5453/variables" for 127.0.0.1 at 2018-09-11 15:33:13 -0700
Started GET "/cats/3/edit" for 127.0.0.1 at 2018-09-11 15:36:22 -0700
Processing by CatsController#edit as HTML
  Parameters: {"id"=>"3"}
  [1m[36mCat Load (0.4ms)[0m  [1m[34mSELECT  "cats".* FROM "cats" WHERE "cats"."id" = $1 LIMIT $2[0m  [["id", 3], ["LIMIT", 1]]
  ↳ app/controllers/cats_controller.rb:18
  Rendering cats/edit.html.erb within layouts/application
  Rendered cats/_form.html.erb (0.4ms)
  Rendered cats/edit.html.erb within layouts/application (3.8ms)
Completed 200 OK in 88ms (Views: 30.9ms | ActiveRecord: 7.7ms)


Started GET "/cats/3/edit" for 127.0.0.1 at 2018-09-11 15:39:16 -0700
Processing by CatsController#edit as HTML
  Parameters: {"id"=>"3"}
  [1m[36mCat Load (0.6ms)[0m  [1m[34mSELECT  "cats".* FROM "cats" WHERE "cats"."id" = $1 LIMIT $2[0m  [["id", 3], ["LIMIT", 1]]
  ↳ app/controllers/cats_controller.rb:18
  Rendering cats/edit.html.erb within layouts/application
  Rendered cats/_form.html.erb (0.6ms)
  Rendered cats/edit.html.erb within layouts/application (3.6ms)
Completed 200 OK in 71ms (Views: 67.7ms | ActiveRecord: 0.6ms)


Started GET "/cats/1/edit" for 127.0.0.1 at 2018-09-11 15:39:25 -0700
Processing by CatsController#edit as HTML
  Parameters: {"id"=>"1"}
  [1m[36mCat Load (0.6ms)[0m  [1m[34mSELECT  "cats".* FROM "cats" WHERE "cats"."id" = $1 LIMIT $2[0m  [["id", 1], ["LIMIT", 1]]
  ↳ app/controllers/cats_controller.rb:18
  Rendering cats/edit.html.erb within layouts/application
  Rendered cats/_form.html.erb (0.5ms)
  Rendered cats/edit.html.erb within layouts/application (3.2ms)
Completed 200 OK in 14ms (Views: 11.9ms | ActiveRecord: 0.6ms)


Started GET "/cats/3/edit" for 127.0.0.1 at 2018-09-11 15:40:32 -0700
Processing by CatsController#edit as HTML
  Parameters: {"id"=>"3"}
  [1m[36mCat Load (0.5ms)[0m  [1m[34mSELECT  "cats".* FROM "cats" WHERE "cats"."id" = $1 LIMIT $2[0m  [["id", 3], ["LIMIT", 1]]
  ↳ app/controllers/cats_controller.rb:18
  Rendering cats/edit.html.erb within layouts/application
  Rendered cats/_form.html.erb (0.7ms)
  Rendered cats/edit.html.erb within layouts/application (5.1ms)
Completed 200 OK in 73ms (Views: 71.1ms | ActiveRecord: 0.5ms)


Started GET "/cats/3/edit" for 127.0.0.1 at 2018-09-11 15:40:53 -0700
Processing by CatsController#edit as HTML
  Parameters: {"id"=>"3"}
  [1m[36mCat Load (0.7ms)[0m  [1m[34mSELECT  "cats".* FROM "cats" WHERE "cats"."id" = $1 LIMIT $2[0m  [["id", 3], ["LIMIT", 1]]
  ↳ app/controllers/cats_controller.rb:18
  Rendering cats/edit.html.erb within layouts/application
  Rendered cats/_form.html.erb (0.4ms)
  Rendered cats/edit.html.erb within layouts/application (3.2ms)
Completed 200 OK in 15ms (Views: 12.7ms | ActiveRecord: 0.7ms)


Started GET "/cats/3/edit" for 127.0.0.1 at 2018-09-11 15:40:57 -0700
Processing by CatsController#edit as HTML
  Parameters: {"id"=>"3"}
  [1m[36mCat Load (0.4ms)[0m  [1m[34mSELECT  "cats".* FROM "cats" WHERE "cats"."id" = $1 LIMIT $2[0m  [["id", 3], ["LIMIT", 1]]
  ↳ app/controllers/cats_controller.rb:18
  Rendering cats/edit.html.erb within layouts/application
  Rendered cats/_form.html.erb (0.3ms)
  Rendered cats/edit.html.erb within layouts/application (2.9ms)
Completed 200 OK in 14ms (Views: 11.8ms | ActiveRecord: 0.4ms)


Started GET "/cats/3/edit" for 127.0.0.1 at 2018-09-11 15:41:59 -0700
Processing by CatsController#edit as HTML
  Parameters: {"id"=>"3"}
  [1m[36mCat Load (0.4ms)[0m  [1m[34mSELECT  "cats".* FROM "cats" WHERE "cats"."id" = $1 LIMIT $2[0m  [["id", 3], ["LIMIT", 1]]
  ↳ app/controllers/cats_controller.rb:18
  Rendering cats/edit.html.erb within layouts/application
  Rendered cats/_form.html.erb (0.5ms)
  Rendered cats/edit.html.erb within layouts/application (3.4ms)
Completed 200 OK in 36ms (Views: 34.6ms | ActiveRecord: 0.4ms)


Started GET "/cats/3/edit" for 127.0.0.1 at 2018-09-11 15:42:47 -0700
Processing by CatsController#edit as HTML
  Parameters: {"id"=>"3"}
  [1m[36mCat Load (0.3ms)[0m  [1m[34mSELECT  "cats".* FROM "cats" WHERE "cats"."id" = $1 LIMIT $2[0m  [["id", 3], ["LIMIT", 1]]
  ↳ app/controllers/cats_controller.rb:18
  Rendering cats/edit.html.erb within layouts/application
  Rendered cats/_form.html.erb (0.7ms)
  Rendered cats/edit.html.erb within layouts/application (5.7ms)
Completed 200 OK in 73ms (Views: 71.0ms | ActiveRecord: 0.3ms)


Started GET "/cats/3/edit" for 127.0.0.1 at 2018-09-11 15:45:03 -0700
Processing by CatsController#edit as HTML
  Parameters: {"id"=>"3"}
  [1m[36mCat Load (0.4ms)[0m  [1m[34mSELECT  "cats".* FROM "cats" WHERE "cats"."id" = $1 LIMIT $2[0m  [["id", 3], ["LIMIT", 1]]
  ↳ app/controllers/cats_controller.rb:18
  Rendering cats/edit.html.erb within layouts/application
  Rendered cats/_form.html.erb (0.6ms)
  Rendered cats/edit.html.erb within layouts/application (4.3ms)
Completed 200 OK in 17ms (Views: 15.2ms | ActiveRecord: 0.4ms)


Started GET "/cats/new" for 127.0.0.1 at 2018-09-11 15:45:10 -0700
Processing by CatsController#new as HTML
  Rendering cats/new.html.erb within layouts/application
  Rendered cats/_form.html.erb (12.7ms)
  Rendered cats/new.html.erb within layouts/application (15.9ms)
Completed 500 Internal Server Error in 23ms (ActiveRecord: 0.0ms)



NoMethodError - undefined method `empty?' for nil:NilClass:
  app/views/cats/_form.html.erb:20:in `_app_views_cats__form_html_erb__3644338143175156316_70165225231340'
  app/views/cats/new.html.erb:5:in `_app_views_cats_new_html_erb__3866785288155543962_70165222864500'
  app/controllers/cats_controller.rb:14:in `new'

Started POST "/__better_errors/a8c24445444bf277/variables" for 127.0.0.1 at 2018-09-11 15:45:10 -0700
Started GET "/cats/new" for 127.0.0.1 at 2018-09-11 15:45:20 -0700
Processing by CatsController#new as HTML
  Rendering cats/new.html.erb within layouts/application
  Rendered cats/_form.html.erb (0.8ms)
  Rendered cats/new.html.erb within layouts/application (4.0ms)
Completed 200 OK in 29ms (Views: 28.4ms | ActiveRecord: 0.0ms)


Started GET "/cats/2/edit" for 127.0.0.1 at 2018-09-11 15:46:07 -0700
Processing by CatsController#edit as HTML
  Parameters: {"id"=>"2"}
  [1m[36mCat Load (0.4ms)[0m  [1m[34mSELECT  "cats".* FROM "cats" WHERE "cats"."id" = $1 LIMIT $2[0m  [["id", 2], ["LIMIT", 1]]
  ↳ app/controllers/cats_controller.rb:18
  Rendering cats/edit.html.erb within layouts/application
  Rendered cats/_form.html.erb (0.9ms)
  Rendered cats/edit.html.erb within layouts/application (6.6ms)
Completed 200 OK in 75ms (Views: 72.9ms | ActiveRecord: 0.4ms)


Started GET "/cats/2/edit" for 127.0.0.1 at 2018-09-11 16:05:09 -0700
Processing by CatsController#edit as HTML
  Parameters: {"id"=>"2"}
  [1m[36mCat Load (1.7ms)[0m  [1m[34mSELECT  "cats".* FROM "cats" WHERE "cats"."id" = $1 LIMIT $2[0m  [["id", 2], ["LIMIT", 1]]
  ↳ app/controllers/cats_controller.rb:18
  Rendering cats/edit.html.erb within layouts/application
  Rendered cats/_form.html.erb (1.0ms)
  Rendered cats/edit.html.erb within layouts/application (5.2ms)
Completed 200 OK in 73ms (Views: 69.4ms | ActiveRecord: 1.7ms)


Started GET "/cats/2/edit" for 127.0.0.1 at 2018-09-11 16:06:39 -0700
Processing by CatsController#edit as HTML
  Parameters: {"id"=>"2"}
  [1m[36mCat Load (0.7ms)[0m  [1m[34mSELECT  "cats".* FROM "cats" WHERE "cats"."id" = $1 LIMIT $2[0m  [["id", 2], ["LIMIT", 1]]
  ↳ app/controllers/cats_controller.rb:18
  Rendering cats/edit.html.erb within layouts/application
  Rendered cats/_form.html.erb (0.8ms)
  Rendered cats/edit.html.erb within layouts/application (4.7ms)
Completed 200 OK in 39ms (Views: 36.6ms | ActiveRecord: 0.7ms)


Started GET "/cats/2/edit" for 127.0.0.1 at 2018-09-11 16:06:57 -0700
Processing by CatsController#edit as HTML
  Parameters: {"id"=>"2"}
  [1m[36mCat Load (1.2ms)[0m  [1m[34mSELECT  "cats".* FROM "cats" WHERE "cats"."id" = $1 LIMIT $2[0m  [["id", 2], ["LIMIT", 1]]
  ↳ app/controllers/cats_controller.rb:18
  Rendering cats/edit.html.erb within layouts/application
  Rendered cats/_form.html.erb (1.0ms)
  Rendered cats/edit.html.erb within layouts/application (5.1ms)
Completed 200 OK in 17ms (Views: 14.4ms | ActiveRecord: 1.2ms)


Started PATCH "/cats/2/edit" for 127.0.0.1 at 2018-09-11 16:07:02 -0700
  
ActionController::RoutingError (No route matches [PATCH] "/cats/2/edit"):
  
actionpack (5.2.1) lib/action_dispatch/middleware/debug_exceptions.rb:65:in `call'
web-console (3.7.0) lib/web_console/middleware.rb:135:in `call_app'
web-console (3.7.0) lib/web_console/middleware.rb:30:in `block in call'
web-console (3.7.0) lib/web_console/middleware.rb:20:in `catch'
web-console (3.7.0) lib/web_console/middleware.rb:20:in `call'
actionpack (5.2.1) lib/action_dispatch/middleware/show_exceptions.rb:33:in `call'
railties (5.2.1) lib/rails/rack/logger.rb:38:in `call_app'
railties (5.2.1) lib/rails/rack/logger.rb:26:in `block in call'
activesupport (5.2.1) lib/active_support/tagged_logging.rb:71:in `block in tagged'
activesupport (5.2.1) lib/active_support/tagged_logging.rb:28:in `tagged'
activesupport (5.2.1) lib/active_support/tagged_logging.rb:71:in `tagged'
railties (5.2.1) lib/rails/rack/logger.rb:26:in `call'
sprockets-rails (3.2.1) lib/sprockets/rails/quiet_assets.rb:13:in `call'
actionpack (5.2.1) lib/action_dispatch/middleware/remote_ip.rb:81:in `call'
actionpack (5.2.1) lib/action_dispatch/middleware/request_id.rb:27:in `call'
rack (2.0.5) lib/rack/method_override.rb:22:in `call'
rack (2.0.5) lib/rack/runtime.rb:22:in `call'
activesupport (5.2.1) lib/active_support/cache/strategy/local_cache_middleware.rb:29:in `call'
actionpack (5.2.1) lib/action_dispatch/middleware/executor.rb:14:in `call'
actionpack (5.2.1) lib/action_dispatch/middleware/static.rb:127:in `call'
rack (2.0.5) lib/rack/sendfile.rb:111:in `call'
railties (5.2.1) lib/rails/engine.rb:524:in `call'
puma (3.12.0) lib/puma/configuration.rb:225:in `call'
puma (3.12.0) lib/puma/server.rb:658:in `handle_request'
puma (3.12.0) lib/puma/server.rb:472:in `process_client'
puma (3.12.0) lib/puma/server.rb:332:in `block in run'
puma (3.12.0) lib/puma/thread_pool.rb:133:in `block in spawn_thread'
Started GET "/cats/2" for 127.0.0.1 at 2018-09-11 16:07:09 -0700
Processing by CatsController#show as HTML
  Parameters: {"id"=>"2"}
  [1m[36mCat Load (0.6ms)[0m  [1m[34mSELECT  "cats".* FROM "cats" WHERE "cats"."id" = $1 LIMIT $2[0m  [["id", 2], ["LIMIT", 1]]
  ↳ app/controllers/cats_controller.rb:8
  Rendering cats/show.html.erb within layouts/application
  Rendered cats/show.html.erb within layouts/application (0.7ms)
Completed 200 OK in 15ms (Views: 13.0ms | ActiveRecord: 0.6ms)


Started GET "/cats/new" for 127.0.0.1 at 2018-09-11 16:07:15 -0700
Processing by CatsController#new as HTML
  Rendering cats/new.html.erb within layouts/application
  Rendered cats/_form.html.erb (0.6ms)
  Rendered cats/new.html.erb within layouts/application (3.3ms)
Completed 200 OK in 15ms (Views: 14.2ms | ActiveRecord: 0.0ms)


Started GET "/cats" for 127.0.0.1 at 2018-09-11 16:07:36 -0700
Processing by CatsController#index as HTML
  Rendering cats/index.html.erb within layouts/application
  [1m[36mCat Load (0.5ms)[0m  [1m[34mSELECT "cats".* FROM "cats"[0m
  ↳ app/views/cats/index.html.erb:4
  Rendered cats/index.html.erb within layouts/application (2.8ms)
Completed 200 OK in 14ms (Views: 12.8ms | ActiveRecord: 0.5ms)


Started GET "/cats/2/edit" for 127.0.0.1 at 2018-09-11 16:07:38 -0700
Processing by CatsController#edit as HTML
  Parameters: {"id"=>"2"}
  [1m[36mCat Load (0.4ms)[0m  [1m[34mSELECT  "cats".* FROM "cats" WHERE "cats"."id" = $1 LIMIT $2[0m  [["id", 2], ["LIMIT", 1]]
  ↳ app/controllers/cats_controller.rb:18
  Rendering cats/edit.html.erb within layouts/application
  Rendered cats/_form.html.erb (0.7ms)
  Rendered cats/edit.html.erb within layouts/application (3.3ms)
Completed 200 OK in 17ms (Views: 14.1ms | ActiveRecord: 0.7ms)


Started PATCH "/cats/2/edit" for 127.0.0.1 at 2018-09-11 16:07:43 -0700
  
ActionController::RoutingError (No route matches [PATCH] "/cats/2/edit"):
  
actionpack (5.2.1) lib/action_dispatch/middleware/debug_exceptions.rb:65:in `call'
web-console (3.7.0) lib/web_console/middleware.rb:135:in `call_app'
web-console (3.7.0) lib/web_console/middleware.rb:30:in `block in call'
web-console (3.7.0) lib/web_console/middleware.rb:20:in `catch'
web-console (3.7.0) lib/web_console/middleware.rb:20:in `call'
actionpack (5.2.1) lib/action_dispatch/middleware/show_exceptions.rb:33:in `call'
railties (5.2.1) lib/rails/rack/logger.rb:38:in `call_app'
railties (5.2.1) lib/rails/rack/logger.rb:26:in `block in call'
activesupport (5.2.1) lib/active_support/tagged_logging.rb:71:in `block in tagged'
activesupport (5.2.1) lib/active_support/tagged_logging.rb:28:in `tagged'
activesupport (5.2.1) lib/active_support/tagged_logging.rb:71:in `tagged'
railties (5.2.1) lib/rails/rack/logger.rb:26:in `call'
sprockets-rails (3.2.1) lib/sprockets/rails/quiet_assets.rb:13:in `call'
actionpack (5.2.1) lib/action_dispatch/middleware/remote_ip.rb:81:in `call'
actionpack (5.2.1) lib/action_dispatch/middleware/request_id.rb:27:in `call'
rack (2.0.5) lib/rack/method_override.rb:22:in `call'
rack (2.0.5) lib/rack/runtime.rb:22:in `call'
activesupport (5.2.1) lib/active_support/cache/strategy/local_cache_middleware.rb:29:in `call'
actionpack (5.2.1) lib/action_dispatch/middleware/executor.rb:14:in `call'
actionpack (5.2.1) lib/action_dispatch/middleware/static.rb:127:in `call'
rack (2.0.5) lib/rack/sendfile.rb:111:in `call'
railties (5.2.1) lib/rails/engine.rb:524:in `call'
puma (3.12.0) lib/puma/configuration.rb:225:in `call'
puma (3.12.0) lib/puma/server.rb:658:in `handle_request'
puma (3.12.0) lib/puma/server.rb:472:in `process_client'
puma (3.12.0) lib/puma/server.rb:332:in `block in run'
puma (3.12.0) lib/puma/thread_pool.rb:133:in `block in spawn_thread'
Started GET "/cats/2/edit" for 127.0.0.1 at 2018-09-11 16:08:52 -0700
Processing by CatsController#edit as HTML
  Parameters: {"id"=>"2"}
  [1m[36mCat Load (0.8ms)[0m  [1m[34mSELECT  "cats".* FROM "cats" WHERE "cats"."id" = $1 LIMIT $2[0m  [["id", 2], ["LIMIT", 1]]
  ↳ app/controllers/cats_controller.rb:18
  Rendering cats/edit.html.erb within layouts/application
  Rendered cats/_form.html.erb (3.2ms)
  Rendered cats/edit.html.erb within layouts/application (11.3ms)
Completed 200 OK in 112ms (Views: 98.6ms | ActiveRecord: 0.8ms)


Started PATCH "/cats/2" for 127.0.0.1 at 2018-09-11 16:08:58 -0700

AbstractController::ActionNotFound - The action 'update' could not be found for CatsController:

Started POST "/__better_errors/fa74d2c2a60f1347/variables" for 127.0.0.1 at 2018-09-11 16:08:58 -0700
Started PATCH "/cats/2" for 127.0.0.1 at 2018-09-11 16:13:58 -0700
Processing by CatsController#update as HTML
  Parameters: {"cat"=>{"name"=>"Steve", "sex"=>"M", "color"=>"Brown", "birth_date"=>"2016-09-11", "description"=>"Steve is a cool cat!"}, "id"=>"2"}
  [1m[36mCat Load (0.4ms)[0m  [1m[34mSELECT  "cats".* FROM "cats" WHERE "cats"."id" = $1 LIMIT $2[0m  [["id", 2], ["LIMIT", 1]]
  ↳ app/controllers/cats_controller.rb:32
  [1m[35m (0.3ms)[0m  [1m[35mBEGIN[0m
  ↳ app/controllers/cats_controller.rb:33
  [1m[36mCat Update (0.9ms)[0m  [1m[33mUPDATE "cats" SET "description" = $1, "updated_at" = $2 WHERE "cats"."id" = $3[0m  [["description", "Steve is a cool cat!"], ["updated_at", "2018-09-11 23:13:58.397132"], ["id", 2]]
  ↳ app/controllers/cats_controller.rb:33
  [1m[35m (14.8ms)[0m  [1m[35mCOMMIT[0m
  ↳ app/controllers/cats_controller.rb:33
Redirected to http://localhost:3000/cats/2
Completed 302 Found in 101ms (ActiveRecord: 31.2ms)


Started GET "/cats/2" for 127.0.0.1 at 2018-09-11 16:13:58 -0700
Processing by CatsController#show as HTML
  Parameters: {"id"=>"2"}
  [1m[36mCat Load (0.6ms)[0m  [1m[34mSELECT  "cats".* FROM "cats" WHERE "cats"."id" = $1 LIMIT $2[0m  [["id", 2], ["LIMIT", 1]]
  ↳ app/controllers/cats_controller.rb:8
  Rendering cats/show.html.erb within layouts/application
  Rendered cats/show.html.erb within layouts/application (1.1ms)
Completed 200 OK in 38ms (Views: 35.4ms | ActiveRecord: 0.6ms)


Started GET "/cats/new" for 127.0.0.1 at 2018-09-11 16:14:05 -0700
Processing by CatsController#new as HTML
  Rendering cats/new.html.erb within layouts/application
  Rendered cats/_form.html.erb (0.8ms)
  Rendered cats/new.html.erb within layouts/application (3.5ms)
Completed 200 OK in 16ms (Views: 15.0ms | ActiveRecord: 0.0ms)


Started POST "/cats" for 127.0.0.1 at 2018-09-11 16:14:10 -0700
Processing by CatsController#create as HTML
  Parameters: {"cat"=>{"name"=>"fjakflnwjklq", "birth_date"=>"", "description"=>""}}
  [1m[35m (0.2ms)[0m  [1m[35mBEGIN[0m
  ↳ app/controllers/cats_controller.rb:24
  [1m[35m (0.2ms)[0m  [1m[31mROLLBACK[0m
  ↳ app/controllers/cats_controller.rb:24
  Rendering cats/new.html.erb within layouts/application
  Rendered cats/_form.html.erb (7.1ms)
  Rendered cats/new.html.erb within layouts/application (10.8ms)
Completed 500 Internal Server Error in 24ms (ActiveRecord: 0.4ms)



NoMethodError - undefined method `name' for nil:NilClass:
  app/views/cats/_form.html.erb:2:in `_app_views_cats__form_html_erb__3644338143175156316_70165227331500'
  app/views/cats/new.html.erb:5:in `_app_views_cats_new_html_erb__3866785288155543962_70165250565100'
  app/controllers/cats_controller.rb:27:in `create'

Started POST "/__better_errors/09bc36fa983574eb/variables" for 127.0.0.1 at 2018-09-11 16:14:10 -0700
Started GET "/cats/new" for 127.0.0.1 at 2018-09-11 16:14:49 -0700
Processing by CatsController#new as HTML
  Rendering cats/new.html.erb within layouts/application
  Rendered cats/_form.html.erb (0.9ms)
  Rendered cats/new.html.erb within layouts/application (5.0ms)
Completed 200 OK in 170ms (Views: 96.1ms | ActiveRecord: 5.8ms)


Started POST "/cats" for 127.0.0.1 at 2018-09-11 16:14:53 -0700
Processing by CatsController#create as HTML
  Parameters: {"cat"=>{"name"=>"gdshgds", "birth_date"=>"", "description"=>""}}
  [1m[35m (0.4ms)[0m  [1m[35mBEGIN[0m
  ↳ app/controllers/cats_controller.rb:24
  [1m[35m (0.2ms)[0m  [1m[31mROLLBACK[0m
  ↳ app/controllers/cats_controller.rb:24
  Rendering cats/new.html.erb within layouts/application
  Rendered cats/_form.html.erb (1.7ms)
  Rendered cats/new.html.erb within layouts/application (6.7ms)
Completed 200 OK in 26ms (Views: 18.5ms | ActiveRecord: 0.6ms)


Started POST "/cats" for 127.0.0.1 at 2018-09-11 16:15:01 -0700
Processing by CatsController#create as HTML
  Parameters: {"cat"=>{"name"=>"gdshgds", "sex"=>"F", "birth_date"=>"", "description"=>""}}
  [1m[35m (0.2ms)[0m  [1m[35mBEGIN[0m
  ↳ app/controllers/cats_controller.rb:24
  [1m[35m (0.2ms)[0m  [1m[31mROLLBACK[0m
  ↳ app/controllers/cats_controller.rb:24
  Rendering cats/new.html.erb within layouts/application
  Rendered cats/_form.html.erb (0.5ms)
  Rendered cats/new.html.erb within layouts/application (2.9ms)
Completed 200 OK in 16ms (Views: 11.3ms | ActiveRecord: 0.4ms)


Started GET "/cats/new" for 127.0.0.1 at 2018-09-11 16:15:10 -0700
Processing by CatsController#new as HTML
  Rendering cats/new.html.erb within layouts/application
  Rendered cats/_form.html.erb (1.1ms)
  Rendered cats/new.html.erb within layouts/application (4.4ms)
Completed 200 OK in 15ms (Views: 14.3ms | ActiveRecord: 0.0ms)


Started POST "/cats" for 127.0.0.1 at 2018-09-11 16:15:12 -0700
Processing by CatsController#create as HTML
  Parameters: {"cat"=>{"name"=>"fdsg", "birth_date"=>"", "description"=>""}}
  [1m[35m (0.3ms)[0m  [1m[35mBEGIN[0m
  ↳ app/controllers/cats_controller.rb:24
  [1m[35m (0.3ms)[0m  [1m[31mROLLBACK[0m
  ↳ app/controllers/cats_controller.rb:24
  Rendering cats/new.html.erb within layouts/application
  Rendered cats/_form.html.erb (0.6ms)
  Rendered cats/new.html.erb within layouts/application (3.6ms)
Completed 200 OK in 30ms (Views: 18.2ms | ActiveRecord: 0.6ms)


Started GET "/cats/new" for 127.0.0.1 at 2018-09-11 16:16:31 -0700
Processing by CatsController#new as HTML
  Rendering cats/new.html.erb within layouts/application
  Rendered cats/_form.html.erb (1.5ms)
  Rendered cats/new.html.erb within layouts/application (14.6ms)
Completed 200 OK in 29ms (Views: 27.8ms | ActiveRecord: 0.0ms)


Started POST "/cats" for 127.0.0.1 at 2018-09-11 16:16:33 -0700
Processing by CatsController#create as HTML
  Parameters: {"cat"=>{"name"=>"", "birth_date"=>"", "description"=>""}}
  [1m[35m (0.4ms)[0m  [1m[35mBEGIN[0m
  ↳ app/controllers/cats_controller.rb:24
  [1m[35m (0.3ms)[0m  [1m[31mROLLBACK[0m
  ↳ app/controllers/cats_controller.rb:24
  Rendering cats/new.html.erb within layouts/application
  Rendered cats/_form.html.erb (3.1ms)
  Rendered cats/new.html.erb within layouts/application (6.6ms)
Completed 200 OK in 30ms (Views: 20.3ms | ActiveRecord: 0.7ms)


Started POST "/cats" for 127.0.0.1 at 2018-09-11 16:16:46 -0700
Processing by CatsController#create as HTML
  Parameters: {"cat"=>{"name"=>"trtrsgter", "birth_date"=>"", "description"=>""}}
  [1m[35m (0.2ms)[0m  [1m[35mBEGIN[0m
  ↳ app/controllers/cats_controller.rb:24
  [1m[35m (0.3ms)[0m  [1m[31mROLLBACK[0m
  ↳ app/controllers/cats_controller.rb:24
  Rendering cats/new.html.erb within layouts/application
  Rendered cats/_form.html.erb (4.0ms)
  Rendered cats/new.html.erb within layouts/application (8.1ms)
Completed 200 OK in 30ms (Views: 22.2ms | ActiveRecord: 0.5ms)


Started GET "/cats/new" for 127.0.0.1 at 2018-09-11 16:17:23 -0700
Processing by CatsController#new as HTML
  Rendering cats/new.html.erb within layouts/application
  Rendered cats/_form.html.erb (1.6ms)
  Rendered cats/new.html.erb within layouts/application (5.0ms)
Completed 200 OK in 19ms (Views: 18.0ms | ActiveRecord: 0.0ms)


Started GET "/cats/new" for 127.0.0.1 at 2018-09-11 16:18:52 -0700
Processing by CatsController#new as HTML
  Rendering cats/new.html.erb within layouts/application
  Rendered cats/_form.html.erb (1.5ms)
  Rendered cats/new.html.erb within layouts/application (4.1ms)
Completed 200 OK in 63ms (Views: 62.4ms | ActiveRecord: 0.0ms)


Started GET "/cats/2/edit" for 127.0.0.1 at 2018-09-11 16:18:57 -0700
Processing by CatsController#edit as HTML
  Parameters: {"id"=>"2"}
  [1m[36mCat Load (0.5ms)[0m  [1m[34mSELECT  "cats".* FROM "cats" WHERE "cats"."id" = $1 LIMIT $2[0m  [["id", 2], ["LIMIT", 1]]
  ↳ app/controllers/cats_controller.rb:18
  Rendering cats/edit.html.erb within layouts/application
  Rendered cats/_form.html.erb (1.8ms)
  Rendered cats/edit.html.erb within layouts/application (6.0ms)
Completed 200 OK in 22ms (Views: 17.5ms | ActiveRecord: 0.5ms)


  [1m[35m (0.4ms)[0m  [1m[34mSELECT pg_try_advisory_lock(723150122408807205)[0m
  ↳ bin/rails:9
  [1m[35m (14.8ms)[0m  [1m[34mSELECT "schema_migrations"."version" FROM "schema_migrations" ORDER BY "schema_migrations"."version" ASC[0m
  ↳ bin/rails:9
Migrating to CreateCatRentalRequest (20180911233301)
  [1m[35m (0.4ms)[0m  [1m[35mBEGIN[0m
  ↳ bin/rails:9
  [1m[35m (11.9ms)[0m  [1m[35mCREATE TABLE "cat_rental_requests" ("id" bigserial primary key, "cat_id" integer NOT NULL, "start_date" date NOT NULL, "end_date" date NOT NULL, "status" character varying NOT NULL)[0m
  ↳ db/migrate/20180911233301_create_cat_rental_request.rb:3
  [1m[35m (1.3ms)[0m  [1m[35mCREATE  INDEX  "index_cat_rental_requests_on_cat_id" ON "cat_rental_requests"  ("cat_id")[0m
  ↳ db/migrate/20180911233301_create_cat_rental_request.rb:9
  [1m[36mActiveRecord::SchemaMigration Create (0.6ms)[0m  [1m[32mINSERT INTO "schema_migrations" ("version") VALUES ($1) RETURNING "version"[0m  [["version", "20180911233301"]]
  ↳ bin/rails:9
  [1m[35m (18.8ms)[0m  [1m[35mCOMMIT[0m
  ↳ bin/rails:9
  [1m[36mActiveRecord::InternalMetadata Load (0.6ms)[0m  [1m[34mSELECT  "ar_internal_metadata".* FROM "ar_internal_metadata" WHERE "ar_internal_metadata"."key" = $1 LIMIT $2[0m  [["key", "environment"], ["LIMIT", 1]]
  ↳ bin/rails:9
  [1m[35m (0.4ms)[0m  [1m[35mBEGIN[0m
  ↳ bin/rails:9
  [1m[35m (0.2ms)[0m  [1m[35mCOMMIT[0m
  ↳ bin/rails:9
  [1m[35m (0.4ms)[0m  [1m[34mSELECT pg_advisory_unlock(723150122408807205)[0m
  ↳ bin/rails:9
  [1m[35m (0.4ms)[0m  [1m[34mSELECT "schema_migrations"."version" FROM "schema_migrations" ORDER BY "schema_migrations"."version" ASC[0m
  ↳ bin/rails:9
  [1m[35m (0.4ms)[0m  [1m[34mSELECT pg_try_advisory_lock(723150122408807205)[0m
  ↳ bin/rails:9
  [1m[35m (14.9ms)[0m  [1m[34mSELECT "schema_migrations"."version" FROM "schema_migrations" ORDER BY "schema_migrations"."version" ASC[0m
  ↳ bin/rails:9
Migrating to AddDefaultValueToStatusAttribute (20180911235104)
  [1m[35m (0.3ms)[0m  [1m[35mBEGIN[0m
  ↳ bin/rails:9
  [1m[35m (34.2ms)[0m  [1m[35mALTER TABLE "cat_rental_requests" ALTER COLUMN "status" TYPE character varying, ALTER COLUMN "status" SET DEFAULT 'PENDING'[0m
  ↳ db/migrate/20180911235104_add_default_value_to_status_attribute.rb:3
  [1m[36mActiveRecord::SchemaMigration Create (0.8ms)[0m  [1m[32mINSERT INTO "schema_migrations" ("version") VALUES ($1) RETURNING "version"[0m  [["version", "20180911235104"]]
  ↳ bin/rails:9
  [1m[35m (21.2ms)[0m  [1m[35mCOMMIT[0m
  ↳ bin/rails:9
  [1m[36mActiveRecord::InternalMetadata Load (0.5ms)[0m  [1m[34mSELECT  "ar_internal_metadata".* FROM "ar_internal_metadata" WHERE "ar_internal_metadata"."key" = $1 LIMIT $2[0m  [["key", "environment"], ["LIMIT", 1]]
  ↳ bin/rails:9
  [1m[35m (0.2ms)[0m  [1m[35mBEGIN[0m
  ↳ bin/rails:9
  [1m[35m (0.2ms)[0m  [1m[35mCOMMIT[0m
  ↳ bin/rails:9
  [1m[35m (0.3ms)[0m  [1m[34mSELECT pg_advisory_unlock(723150122408807205)[0m
  ↳ bin/rails:9
  [1m[35m (0.4ms)[0m  [1m[34mSELECT "schema_migrations"."version" FROM "schema_migrations" ORDER BY "schema_migrations"."version" ASC[0m
  ↳ bin/rails:9
  [1m[36mCat Load (0.7ms)[0m  [1m[34mSELECT  "cats".* FROM "cats" ORDER BY "cats"."id" ASC LIMIT $1[0m  [["LIMIT", 1]]
  [1m[36mCat Load (3.1ms)[0m  [1m[34mSELECT  "cats".* FROM "cats" ORDER BY "cats"."id" ASC LIMIT $1[0m  [["LIMIT", 1]]
  [1m[36mCat Load (0.6ms)[0m  [1m[34mSELECT  "cats".* FROM "cats" ORDER BY "cats"."id" ASC LIMIT $1[0m  [["LIMIT", 1]]
  [1m[36mCat Load (0.8ms)[0m  [1m[34mSELECT  "cats".* FROM "cats" ORDER BY "cats"."id" ASC LIMIT $1[0m  [["LIMIT", 1]]
  [1m[35m (0.3ms)[0m  [1m[35mBEGIN[0m
  [1m[36mCatRentalRequest Create (56.4ms)[0m  [1m[32mINSERT INTO "cat_rental_requests" ("cat_id", "start_date", "end_date") VALUES ($1, $2, $3) RETURNING "id"[0m  [["cat_id", 1], ["start_date", "2018-09-12"], ["end_date", "2018-09-16"]]
  [1m[35m (0.6ms)[0m  [1m[35mCOMMIT[0m
  [1m[36mCat Load (0.5ms)[0m  [1m[34mSELECT  "cats".* FROM "cats" WHERE "cats"."id" = $1 LIMIT $2[0m  [["id", 1], ["LIMIT", 1]]
  [1m[36mCatRentalRequest Load (0.9ms)[0m  [1m[34mSELECT "cat_rental_requests".* FROM "cat_rental_requests"[0m
  [1m[36mCat Load (0.7ms)[0m  [1m[34mSELECT  "cats".* FROM "cats" ORDER BY "cats"."id" ASC LIMIT $1[0m  [["LIMIT", 1]]
  [1m[36mCat Load (0.6ms)[0m  [1m[34mSELECT  "cats".* FROM "cats" ORDER BY "cats"."id" ASC LIMIT $1[0m  [["LIMIT", 1]]
  [1m[36mCat Load (0.6ms)[0m  [1m[34mSELECT  "cats".* FROM "cats" ORDER BY "cats"."id" ASC LIMIT $1[0m  [["LIMIT", 1]]
  [1m[36mCatRentalRequest Load (0.6ms)[0m  [1m[34mSELECT "cat_rental_requests".* FROM "cat_rental_requests" WHERE "cat_rental_requests"."cat_id" = $1[0m  [["cat_id", 1]]
  [1m[36mCatRentalRequest Load (0.5ms)[0m  [1m[34mSELECT  "cat_rental_requests".* FROM "cat_rental_requests" ORDER BY "cat_rental_requests"."id" ASC LIMIT $1[0m  [["LIMIT", 1]]
  [1m[36mCat Load (0.5ms)[0m  [1m[34mSELECT  "cats".* FROM "cats" WHERE "cats"."id" = $1 LIMIT $2[0m  [["id", 1], ["LIMIT", 1]]
  [1m[36mCatRentalRequest Load (1.1ms)[0m  [1m[34mSELECT  "cat_rental_requests".* FROM "cat_rental_requests" ORDER BY "cat_rental_requests"."id" ASC LIMIT $1[0m  [["LIMIT", 1]]
  [1m[36mCatRentalRequest Load (0.9ms)[0m  [1m[34mSELECT "cat_rental_requests".* FROM "cat_rental_requests" WHERE (      id = 1
)[0m
  [1m[36mCatRentalRequest Load (0.8ms)[0m  [1m[34mSELECT  "cat_rental_requests".* FROM "cat_rental_requests" ORDER BY "cat_rental_requests"."id" ASC LIMIT $1[0m  [["LIMIT", 1]]
  [1m[36mCat Load (0.6ms)[0m  [1m[34mSELECT  "cats".* FROM "cats" ORDER BY "cats"."id" ASC LIMIT $1[0m  [["LIMIT", 1]]
  [1m[35m (0.2ms)[0m  [1m[35mBEGIN[0m
  [1m[36mCatRentalRequest Create (0.8ms)[0m  [1m[32mINSERT INTO "cat_rental_requests" ("cat_id", "start_date", "end_date") VALUES ($1, $2, $3) RETURNING "id"[0m  [["cat_id", 1], ["start_date", "2018-09-09"], ["end_date", "2018-09-11"]]
  [1m[35m (0.5ms)[0m  [1m[35mCOMMIT[0m
  [1m[36mCat Load (0.8ms)[0m  [1m[34mSELECT  "cats".* FROM "cats" ORDER BY "cats"."id" ASC LIMIT $1[0m  [["LIMIT", 1]]
  [1m[35m (0.2ms)[0m  [1m[35mBEGIN[0m
  [1m[36mCatRentalRequest Create (0.7ms)[0m  [1m[32mINSERT INTO "cat_rental_requests" ("cat_id", "start_date", "end_date") VALUES ($1, $2, $3) RETURNING "id"[0m  [["cat_id", 1], ["start_date", "2018-09-11"], ["end_date", "2018-09-16"]]
  [1m[35m (0.5ms)[0m  [1m[35mCOMMIT[0m
  [1m[36mCat Load (0.8ms)[0m  [1m[34mSELECT  "cats".* FROM "cats" ORDER BY "cats"."id" ASC LIMIT $1[0m  [["LIMIT", 1]]
  [1m[35m (0.2ms)[0m  [1m[35mBEGIN[0m
  [1m[36mCatRentalRequest Create (0.6ms)[0m  [1m[32mINSERT INTO "cat_rental_requests" ("cat_id", "start_date", "end_date") VALUES ($1, $2, $3) RETURNING "id"[0m  [["cat_id", 1], ["start_date", "2018-09-14"], ["end_date", "2018-09-19"]]
  [1m[35m (0.5ms)[0m  [1m[35mCOMMIT[0m
  [1m[36mCatRentalRequest Load (0.9ms)[0m  [1m[34mSELECT "cat_rental_requests".* FROM "cat_rental_requests" WHERE (      id = 1
)[0m
  [1m[36mCatRentalRequest Load (0.6ms)[0m  [1m[34mSELECT  "cat_rental_requests".* FROM "cat_rental_requests" WHERE "cat_rental_requests"."id" = $1 LIMIT $2[0m  [["id", 1], ["LIMIT", 1]]
  [1m[36mCatRentalRequest Load (0.7ms)[0m  [1m[34mSELECT  "cat_rental_requests".* FROM "cat_rental_requests" WHERE "cat_rental_requests"."id" = $1 LIMIT $2[0m  [["id", 1], ["LIMIT", 1]]
  [1m[36mCatRentalRequest Load (0.7ms)[0m  [1m[34mSELECT  "cat_rental_requests".* FROM "cat_rental_requests" WHERE "cat_rental_requests"."id" = $1 LIMIT $2[0m  [["id", 2], ["LIMIT", 1]]
  [1m[36mCatRentalRequest Load (0.6ms)[0m  [1m[34mSELECT  "cat_rental_requests".* FROM "cat_rental_requests" WHERE "cat_rental_requests"."id" = $1 LIMIT $2[0m  [["id", 3], ["LIMIT", 1]]
  [1m[36mCatRentalRequest Load (0.8ms)[0m  [1m[34mSELECT  "cat_rental_requests".* FROM "cat_rental_requests" WHERE "cat_rental_requests"."id" = $1 LIMIT $2[0m  [["id", 4], ["LIMIT", 1]]
  [1m[36mCatRentalRequest Load (1.1ms)[0m  [1m[34mSELECT  "cat_rental_requests".* FROM "cat_rental_requests" ORDER BY "cat_rental_requests"."id" ASC LIMIT $1[0m  [["LIMIT", 1]]
  [1m[36mCatRentalRequest Load (46.5ms)[0m  [1m[34mSELECT "cat_rental_requests".* FROM "cat_rental_requests" WHERE (      id != 1 AND (
        ('2018-09-12' >= start_date AND '2018-09-12' <= end_date) OR
        ('2018-09-16' >= start_date AND '2018-09-16' <= end_date)
      )
)[0m
  [1m[36mCatRentalRequest Load (0.8ms)[0m  [1m[34mSELECT "cat_rental_requests".* FROM "cat_rental_requests"[0m
  [1m[36mCat Load (0.7ms)[0m  [1m[34mSELECT  "cats".* FROM "cats" ORDER BY "cats"."id" DESC LIMIT $1[0m  [["LIMIT", 1]]
  [1m[36mCat Load (0.7ms)[0m  [1m[34mSELECT  "cats".* FROM "cats" ORDER BY "cats"."id" DESC LIMIT $1[0m  [["LIMIT", 1]]
  [1m[35m (0.2ms)[0m  [1m[35mBEGIN[0m
  [1m[36mCatRentalRequest Create (0.9ms)[0m  [1m[32mINSERT INTO "cat_rental_requests" ("cat_id", "start_date", "end_date") VALUES ($1, $2, $3) RETURNING "id"[0m  [["cat_id", 4], ["start_date", "2018-09-13"], ["end_date", "2018-09-17"]]
  [1m[35m (0.5ms)[0m  [1m[35mCOMMIT[0m
  [1m[36mCatRentalRequest Load (0.7ms)[0m  [1m[34mSELECT  "cat_rental_requests".* FROM "cat_rental_requests" ORDER BY "cat_rental_requests"."id" ASC LIMIT $1[0m  [["LIMIT", 1]]
  [1m[36mCatRentalRequest Load (14.1ms)[0m  [1m[34mSELECT "cat_rental_requests".* FROM "cat_rental_requests" WHERE (      id != 1 AND cat_id = 1 (
        ('2018-09-12' >= start_date AND '2018-09-12' <= end_date) OR
        ('2018-09-16' >= start_date AND '2018-09-16' <= end_date)
      )
)[0m
  [1m[36mCatRentalRequest Load (1.3ms)[0m  [1m[34mSELECT  "cat_rental_requests".* FROM "cat_rental_requests" WHERE (      id != 1 AND cat_id = 1 (
        ('2018-09-12' >= start_date AND '2018-09-12' <= end_date) OR
        ('2018-09-16' >= start_date AND '2018-09-16' <= end_date)
      )
) LIMIT $1[0m  [["LIMIT", 11]]
  [1m[36mCatRentalRequest Load (0.8ms)[0m  [1m[34mSELECT  "cat_rental_requests".* FROM "cat_rental_requests" ORDER BY "cat_rental_requests"."id" ASC LIMIT $1[0m  [["LIMIT", 1]]
  [1m[36mCatRentalRequest Load (2.1ms)[0m  [1m[34mSELECT "cat_rental_requests".* FROM "cat_rental_requests" WHERE (      id != 1 AND cat_id = 1 (
        ('2018-09-12' >= start_date AND '2018-09-12' <= end_date) OR
        ('2018-09-16' >= start_date AND '2018-09-16' <= end_date)
      )
)[0m
  [1m[36mCatRentalRequest Load (1.4ms)[0m  [1m[34mSELECT  "cat_rental_requests".* FROM "cat_rental_requests" WHERE (      id != 1 AND cat_id = 1 (
        ('2018-09-12' >= start_date AND '2018-09-12' <= end_date) OR
        ('2018-09-16' >= start_date AND '2018-09-16' <= end_date)
      )
) LIMIT $1[0m  [["LIMIT", 11]]
  [1m[36mCatRentalRequest Load (0.8ms)[0m  [1m[34mSELECT "cat_rental_requests".* FROM "cat_rental_requests"[0m
  [1m[36mCatRentalRequest Load (0.7ms)[0m  [1m[34mSELECT  "cat_rental_requests".* FROM "cat_rental_requests" ORDER BY "cat_rental_requests"."id" ASC LIMIT $1[0m  [["LIMIT", 1]]
  [1m[36mCatRentalRequest Load (0.9ms)[0m  [1m[34mSELECT "cat_rental_requests".* FROM "cat_rental_requests" WHERE (cat_id = 1)[0m
  [1m[36mCatRentalRequest Load (0.6ms)[0m  [1m[34mSELECT  "cat_rental_requests".* FROM "cat_rental_requests" ORDER BY "cat_rental_requests"."id" ASC LIMIT $1[0m  [["LIMIT", 1]]
  [1m[36mCat Load (0.6ms)[0m  [1m[34mSELECT  "cats".* FROM "cats" WHERE "cats"."id" = $1 LIMIT $2[0m  [["id", 1], ["LIMIT", 1]]
  [1m[36mCatRentalRequest Load (1.6ms)[0m  [1m[34mSELECT "cat_rental_requests".* FROM "cat_rental_requests" WHERE "cat_rental_requests"."cat_id" = $1 AND (      id != 1 AND (
        ('2018-09-12' >= start_date AND '2018-09-12' <= end_date) OR
        ('2018-09-16' >= start_date AND '2018-09-16' <= end_date)
      )
)[0m  [["cat_id", 1]]
  [1m[36mCatRentalRequest Load (0.7ms)[0m  [1m[34mSELECT "cat_rental_requests".* FROM "cat_rental_requests"[0m
  [1m[36mCatRentalRequest Load (0.6ms)[0m  [1m[34mSELECT  "cat_rental_requests".* FROM "cat_rental_requests" ORDER BY "cat_rental_requests"."id" ASC LIMIT $1[0m  [["LIMIT", 1]]
